[32m[2019-05-27 00:42:31,964] [main] [DEBUG] [InternalLoggerFactory]- Using SLF4J as the default logging framework 
[m[32m[2019-05-27 00:42:31,970] [main] [DEBUG] [MultithreadEventLoopGroup]- -Dio.netty.eventLoopThreads: 8 
[m[32m[2019-05-27 00:42:31,992] [main] [DEBUG] [PlatformDependent0]- -Dio.netty.noUnsafe: false 
[m[32m[2019-05-27 00:42:31,993] [main] [DEBUG] [PlatformDependent0]- Java version: 8 
[m[32m[2019-05-27 00:42:31,994] [main] [DEBUG] [PlatformDependent0]- sun.misc.Unsafe.theUnsafe: available 
[m[32m[2019-05-27 00:42:31,995] [main] [DEBUG] [PlatformDependent0]- sun.misc.Unsafe.copyMemory: available 
[m[32m[2019-05-27 00:42:31,996] [main] [DEBUG] [PlatformDependent0]- java.nio.Buffer.address: available 
[m[32m[2019-05-27 00:42:31,997] [main] [DEBUG] [PlatformDependent0]- direct buffer constructor: available 
[m[32m[2019-05-27 00:42:31,998] [main] [DEBUG] [PlatformDependent0]- java.nio.Bits.unaligned: available, true 
[m[32m[2019-05-27 00:42:31,998] [main] [DEBUG] [PlatformDependent0]- jdk.internal.misc.Unsafe.allocateUninitializedArray(int): unavailable prior to Java9 
[m[32m[2019-05-27 00:42:31,999] [main] [DEBUG] [PlatformDependent0]- java.nio.DirectByteBuffer.<init>(long, int): available 
[m[32m[2019-05-27 00:42:31,999] [main] [DEBUG] [PlatformDependent]- sun.misc.Unsafe: available 
[m[32m[2019-05-27 00:42:31,999] [main] [DEBUG] [PlatformDependent]- -Dio.netty.tmpdir: /var/folders/pz/c3cg7m5x7c99zw12hl8rkmsc0000gn/T (java.io.tmpdir) 
[m[32m[2019-05-27 00:42:32,000] [main] [DEBUG] [PlatformDependent]- -Dio.netty.bitMode: 64 (sun.arch.data.model) 
[m[32m[2019-05-27 00:42:32,001] [main] [DEBUG] [PlatformDependent]- -Dio.netty.noPreferDirect: false 
[m[32m[2019-05-27 00:42:32,001] [main] [DEBUG] [PlatformDependent]- -Dio.netty.maxDirectMemory: 1908932608 bytes 
[m[32m[2019-05-27 00:42:32,001] [main] [DEBUG] [PlatformDependent]- -Dio.netty.uninitializedArrayAllocationThreshold: -1 
[m[32m[2019-05-27 00:42:32,002] [main] [DEBUG] [CleanerJava6]- java.nio.ByteBuffer.cleaner(): available 
[m[32m[2019-05-27 00:42:32,020] [main] [DEBUG] [NioEventLoop]- -Dio.netty.noKeySetOptimization: false 
[m[32m[2019-05-27 00:42:32,021] [main] [DEBUG] [NioEventLoop]- -Dio.netty.selectorAutoRebuildThreshold: 512 
[m[32m[2019-05-27 00:42:32,029] [main] [DEBUG] [PlatformDependent]- org.jctools-core.MpscChunkedArrayQueue: available 
[m[32m[2019-05-27 00:42:32,069] [main] [DEBUG] [DefaultChannelId]- -Dio.netty.processId: 3490 (auto-detected) 
[m[32m[2019-05-27 00:42:32,072] [main] [DEBUG] [NetUtil]- -Djava.net.preferIPv4Stack: false 
[m[32m[2019-05-27 00:42:32,073] [main] [DEBUG] [NetUtil]- -Djava.net.preferIPv6Addresses: false 
[m[32m[2019-05-27 00:42:32,084] [main] [DEBUG] [NetUtil]- Loopback interface: lo0 (lo0, 0:0:0:0:0:0:0:1) 
[m[32m[2019-05-27 00:42:32,085] [main] [DEBUG] [NetUtil]- Failed to get SOMAXCONN from sysctl and file /proc/sys/net/core/somaxconn. Default: 128 
[m[32m[2019-05-27 00:42:32,087] [main] [DEBUG] [DefaultChannelId]- -Dio.netty.machineId: c4:b3:01:ff:fe:bd:67:ad (auto-detected) 
[m[32m[2019-05-27 00:42:32,113] [main] [DEBUG] [ResourceLeakDetector]- -Dio.netty.leakDetection.level: simple 
[m[32m[2019-05-27 00:42:32,113] [main] [DEBUG] [ResourceLeakDetector]- -Dio.netty.leakDetection.maxRecords: 4 
[m[32m[2019-05-27 00:42:32,171] [main] [DEBUG] [PooledByteBufAllocator]- -Dio.netty.allocator.numHeapArenas: 8 
[m[32m[2019-05-27 00:42:32,171] [main] [DEBUG] [PooledByteBufAllocator]- -Dio.netty.allocator.numDirectArenas: 8 
[m[32m[2019-05-27 00:42:32,174] [main] [DEBUG] [PooledByteBufAllocator]- -Dio.netty.allocator.pageSize: 8192 
[m[32m[2019-05-27 00:42:32,174] [main] [DEBUG] [PooledByteBufAllocator]- -Dio.netty.allocator.maxOrder: 11 
[m[32m[2019-05-27 00:42:32,175] [main] [DEBUG] [PooledByteBufAllocator]- -Dio.netty.allocator.chunkSize: 16777216 
[m[32m[2019-05-27 00:42:32,176] [main] [DEBUG] [PooledByteBufAllocator]- -Dio.netty.allocator.tinyCacheSize: 512 
[m[32m[2019-05-27 00:42:32,176] [main] [DEBUG] [PooledByteBufAllocator]- -Dio.netty.allocator.smallCacheSize: 256 
[m[32m[2019-05-27 00:42:32,176] [main] [DEBUG] [PooledByteBufAllocator]- -Dio.netty.allocator.normalCacheSize: 64 
[m[32m[2019-05-27 00:42:32,177] [main] [DEBUG] [PooledByteBufAllocator]- -Dio.netty.allocator.maxCachedBufferCapacity: 32768 
[m[32m[2019-05-27 00:42:32,177] [main] [DEBUG] [PooledByteBufAllocator]- -Dio.netty.allocator.cacheTrimInterval: 8192 
[m[32m[2019-05-27 00:42:32,177] [main] [DEBUG] [PooledByteBufAllocator]- -Dio.netty.allocator.useCacheForAllThreads: true 
[m[32m[2019-05-27 00:42:32,184] [main] [DEBUG] [ByteBufUtil]- -Dio.netty.allocator.type: pooled 
[m[32m[2019-05-27 00:42:32,184] [main] [DEBUG] [ByteBufUtil]- -Dio.netty.threadLocalDirectBufferSize: 65536 
[m[32m[2019-05-27 00:42:32,184] [main] [DEBUG] [ByteBufUtil]- -Dio.netty.maxThreadLocalCharBufferSize: 16384 
[m[32m[2019-05-27 00:42:41,123] [main] [DEBUG] [InternalLoggerFactory]- Using SLF4J as the default logging framework 
[m[32m[2019-05-27 00:42:41,129] [main] [DEBUG] [MultithreadEventLoopGroup]- -Dio.netty.eventLoopThreads: 8 
[m[32m[2019-05-27 00:42:41,155] [main] [DEBUG] [PlatformDependent0]- -Dio.netty.noUnsafe: false 
[m[32m[2019-05-27 00:42:41,156] [main] [DEBUG] [PlatformDependent0]- Java version: 8 
[m[32m[2019-05-27 00:42:41,157] [main] [DEBUG] [PlatformDependent0]- sun.misc.Unsafe.theUnsafe: available 
[m[32m[2019-05-27 00:42:41,158] [main] [DEBUG] [PlatformDependent0]- sun.misc.Unsafe.copyMemory: available 
[m[32m[2019-05-27 00:42:41,159] [main] [DEBUG] [PlatformDependent0]- java.nio.Buffer.address: available 
[m[32m[2019-05-27 00:42:41,160] [main] [DEBUG] [PlatformDependent0]- direct buffer constructor: available 
[m[32m[2019-05-27 00:42:41,161] [main] [DEBUG] [PlatformDependent0]- java.nio.Bits.unaligned: available, true 
[m[32m[2019-05-27 00:42:41,161] [main] [DEBUG] [PlatformDependent0]- jdk.internal.misc.Unsafe.allocateUninitializedArray(int): unavailable prior to Java9 
[m[32m[2019-05-27 00:42:41,161] [main] [DEBUG] [PlatformDependent0]- java.nio.DirectByteBuffer.<init>(long, int): available 
[m[32m[2019-05-27 00:42:41,162] [main] [DEBUG] [PlatformDependent]- sun.misc.Unsafe: available 
[m[32m[2019-05-27 00:42:41,162] [main] [DEBUG] [PlatformDependent]- -Dio.netty.tmpdir: /var/folders/pz/c3cg7m5x7c99zw12hl8rkmsc0000gn/T (java.io.tmpdir) 
[m[32m[2019-05-27 00:42:41,163] [main] [DEBUG] [PlatformDependent]- -Dio.netty.bitMode: 64 (sun.arch.data.model) 
[m[32m[2019-05-27 00:42:41,164] [main] [DEBUG] [PlatformDependent]- -Dio.netty.noPreferDirect: false 
[m[32m[2019-05-27 00:42:41,164] [main] [DEBUG] [PlatformDependent]- -Dio.netty.maxDirectMemory: 1908932608 bytes 
[m[32m[2019-05-27 00:42:41,165] [main] [DEBUG] [PlatformDependent]- -Dio.netty.uninitializedArrayAllocationThreshold: -1 
[m[32m[2019-05-27 00:42:41,166] [main] [DEBUG] [CleanerJava6]- java.nio.ByteBuffer.cleaner(): available 
[m[32m[2019-05-27 00:42:41,192] [main] [DEBUG] [NioEventLoop]- -Dio.netty.noKeySetOptimization: false 
[m[32m[2019-05-27 00:42:41,192] [main] [DEBUG] [NioEventLoop]- -Dio.netty.selectorAutoRebuildThreshold: 512 
[m[32m[2019-05-27 00:42:41,208] [main] [DEBUG] [PlatformDependent]- org.jctools-core.MpscChunkedArrayQueue: available 
[m[32m[2019-05-27 00:42:41,280] [main] [DEBUG] [DefaultChannelId]- -Dio.netty.processId: 3494 (auto-detected) 
[m[32m[2019-05-27 00:42:41,287] [main] [DEBUG] [NetUtil]- -Djava.net.preferIPv4Stack: false 
[m[32m[2019-05-27 00:42:41,287] [main] [DEBUG] [NetUtil]- -Djava.net.preferIPv6Addresses: false 
[m[32m[2019-05-27 00:42:41,294] [main] [DEBUG] [NetUtil]- Loopback interface: lo0 (lo0, 0:0:0:0:0:0:0:1) 
[m[32m[2019-05-27 00:42:41,295] [main] [DEBUG] [NetUtil]- Failed to get SOMAXCONN from sysctl and file /proc/sys/net/core/somaxconn. Default: 128 
[m[32m[2019-05-27 00:42:41,299] [main] [DEBUG] [DefaultChannelId]- -Dio.netty.machineId: c4:b3:01:ff:fe:bd:67:ad (auto-detected) 
[m[32m[2019-05-27 00:42:41,314] [main] [DEBUG] [ResourceLeakDetector]- -Dio.netty.leakDetection.level: simple 
[m[32m[2019-05-27 00:42:41,314] [main] [DEBUG] [ResourceLeakDetector]- -Dio.netty.leakDetection.maxRecords: 4 
[m[32m[2019-05-27 00:42:41,369] [main] [DEBUG] [PooledByteBufAllocator]- -Dio.netty.allocator.numHeapArenas: 8 
[m[32m[2019-05-27 00:42:41,369] [main] [DEBUG] [PooledByteBufAllocator]- -Dio.netty.allocator.numDirectArenas: 8 
[m[32m[2019-05-27 00:42:41,369] [main] [DEBUG] [PooledByteBufAllocator]- -Dio.netty.allocator.pageSize: 8192 
[m[32m[2019-05-27 00:42:41,370] [main] [DEBUG] [PooledByteBufAllocator]- -Dio.netty.allocator.maxOrder: 11 
[m[32m[2019-05-27 00:42:41,370] [main] [DEBUG] [PooledByteBufAllocator]- -Dio.netty.allocator.chunkSize: 16777216 
[m[32m[2019-05-27 00:42:41,370] [main] [DEBUG] [PooledByteBufAllocator]- -Dio.netty.allocator.tinyCacheSize: 512 
[m[32m[2019-05-27 00:42:41,370] [main] [DEBUG] [PooledByteBufAllocator]- -Dio.netty.allocator.smallCacheSize: 256 
[m[32m[2019-05-27 00:42:41,370] [main] [DEBUG] [PooledByteBufAllocator]- -Dio.netty.allocator.normalCacheSize: 64 
[m[32m[2019-05-27 00:42:41,371] [main] [DEBUG] [PooledByteBufAllocator]- -Dio.netty.allocator.maxCachedBufferCapacity: 32768 
[m[32m[2019-05-27 00:42:41,371] [main] [DEBUG] [PooledByteBufAllocator]- -Dio.netty.allocator.cacheTrimInterval: 8192 
[m[32m[2019-05-27 00:42:41,371] [main] [DEBUG] [PooledByteBufAllocator]- -Dio.netty.allocator.useCacheForAllThreads: true 
[m[32m[2019-05-27 00:42:41,379] [main] [DEBUG] [ByteBufUtil]- -Dio.netty.allocator.type: pooled 
[m[32m[2019-05-27 00:42:41,379] [main] [DEBUG] [ByteBufUtil]- -Dio.netty.threadLocalDirectBufferSize: 65536 
[m[32m[2019-05-27 00:42:41,379] [main] [DEBUG] [ByteBufUtil]- -Dio.netty.maxThreadLocalCharBufferSize: 16384 
[m[32m[2019-05-27 00:44:49,784] [main] [DEBUG] [InternalLoggerFactory]- Using SLF4J as the default logging framework 
[m[32m[2019-05-27 00:44:49,792] [main] [DEBUG] [MultithreadEventLoopGroup]- -Dio.netty.eventLoopThreads: 8 
[m[32m[2019-05-27 00:44:49,813] [main] [DEBUG] [PlatformDependent0]- -Dio.netty.noUnsafe: false 
[m[32m[2019-05-27 00:44:49,814] [main] [DEBUG] [PlatformDependent0]- Java version: 8 
[m[32m[2019-05-27 00:44:49,815] [main] [DEBUG] [PlatformDependent0]- sun.misc.Unsafe.theUnsafe: available 
[m[32m[2019-05-27 00:44:49,816] [main] [DEBUG] [PlatformDependent0]- sun.misc.Unsafe.copyMemory: available 
[m[32m[2019-05-27 00:44:49,817] [main] [DEBUG] [PlatformDependent0]- java.nio.Buffer.address: available 
[m[32m[2019-05-27 00:44:49,818] [main] [DEBUG] [PlatformDependent0]- direct buffer constructor: available 
[m[32m[2019-05-27 00:44:49,818] [main] [DEBUG] [PlatformDependent0]- java.nio.Bits.unaligned: available, true 
[m[32m[2019-05-27 00:44:49,819] [main] [DEBUG] [PlatformDependent0]- jdk.internal.misc.Unsafe.allocateUninitializedArray(int): unavailable prior to Java9 
[m[32m[2019-05-27 00:44:49,819] [main] [DEBUG] [PlatformDependent0]- java.nio.DirectByteBuffer.<init>(long, int): available 
[m[32m[2019-05-27 00:44:49,819] [main] [DEBUG] [PlatformDependent]- sun.misc.Unsafe: available 
[m[32m[2019-05-27 00:44:49,820] [main] [DEBUG] [PlatformDependent]- -Dio.netty.tmpdir: /var/folders/pz/c3cg7m5x7c99zw12hl8rkmsc0000gn/T (java.io.tmpdir) 
[m[32m[2019-05-27 00:44:49,821] [main] [DEBUG] [PlatformDependent]- -Dio.netty.bitMode: 64 (sun.arch.data.model) 
[m[32m[2019-05-27 00:44:49,822] [main] [DEBUG] [PlatformDependent]- -Dio.netty.noPreferDirect: false 
[m[32m[2019-05-27 00:44:49,823] [main] [DEBUG] [PlatformDependent]- -Dio.netty.maxDirectMemory: 1908932608 bytes 
[m[32m[2019-05-27 00:44:49,823] [main] [DEBUG] [PlatformDependent]- -Dio.netty.uninitializedArrayAllocationThreshold: -1 
[m[32m[2019-05-27 00:44:49,824] [main] [DEBUG] [CleanerJava6]- java.nio.ByteBuffer.cleaner(): available 
[m[32m[2019-05-27 00:44:49,849] [main] [DEBUG] [NioEventLoop]- -Dio.netty.noKeySetOptimization: false 
[m[32m[2019-05-27 00:44:49,850] [main] [DEBUG] [NioEventLoop]- -Dio.netty.selectorAutoRebuildThreshold: 512 
[m[32m[2019-05-27 00:44:49,865] [main] [DEBUG] [PlatformDependent]- org.jctools-core.MpscChunkedArrayQueue: available 
[m[32m[2019-05-27 00:44:49,938] [main] [DEBUG] [DefaultChannelId]- -Dio.netty.processId: 3540 (auto-detected) 
[m[32m[2019-05-27 00:44:49,942] [main] [DEBUG] [NetUtil]- -Djava.net.preferIPv4Stack: false 
[m[32m[2019-05-27 00:44:49,948] [main] [DEBUG] [NetUtil]- -Djava.net.preferIPv6Addresses: false 
[m[32m[2019-05-27 00:44:49,959] [main] [DEBUG] [NetUtil]- Loopback interface: lo0 (lo0, 0:0:0:0:0:0:0:1) 
[m[32m[2019-05-27 00:44:49,961] [main] [DEBUG] [NetUtil]- Failed to get SOMAXCONN from sysctl and file /proc/sys/net/core/somaxconn. Default: 128 
[m[32m[2019-05-27 00:44:49,964] [main] [DEBUG] [DefaultChannelId]- -Dio.netty.machineId: c4:b3:01:ff:fe:bd:67:ad (auto-detected) 
[m[32m[2019-05-27 00:44:49,980] [main] [DEBUG] [ResourceLeakDetector]- -Dio.netty.leakDetection.level: simple 
[m[32m[2019-05-27 00:44:49,981] [main] [DEBUG] [ResourceLeakDetector]- -Dio.netty.leakDetection.maxRecords: 4 
[m[32m[2019-05-27 00:44:50,035] [main] [DEBUG] [PooledByteBufAllocator]- -Dio.netty.allocator.numHeapArenas: 8 
[m[32m[2019-05-27 00:44:50,035] [main] [DEBUG] [PooledByteBufAllocator]- -Dio.netty.allocator.numDirectArenas: 8 
[m[32m[2019-05-27 00:44:50,035] [main] [DEBUG] [PooledByteBufAllocator]- -Dio.netty.allocator.pageSize: 8192 
[m[32m[2019-05-27 00:44:50,035] [main] [DEBUG] [PooledByteBufAllocator]- -Dio.netty.allocator.maxOrder: 11 
[m[32m[2019-05-27 00:44:50,036] [main] [DEBUG] [PooledByteBufAllocator]- -Dio.netty.allocator.chunkSize: 16777216 
[m[32m[2019-05-27 00:44:50,036] [main] [DEBUG] [PooledByteBufAllocator]- -Dio.netty.allocator.tinyCacheSize: 512 
[m[32m[2019-05-27 00:44:50,036] [main] [DEBUG] [PooledByteBufAllocator]- -Dio.netty.allocator.smallCacheSize: 256 
[m[32m[2019-05-27 00:44:50,036] [main] [DEBUG] [PooledByteBufAllocator]- -Dio.netty.allocator.normalCacheSize: 64 
[m[32m[2019-05-27 00:44:50,036] [main] [DEBUG] [PooledByteBufAllocator]- -Dio.netty.allocator.maxCachedBufferCapacity: 32768 
[m[32m[2019-05-27 00:44:50,036] [main] [DEBUG] [PooledByteBufAllocator]- -Dio.netty.allocator.cacheTrimInterval: 8192 
[m[32m[2019-05-27 00:44:50,037] [main] [DEBUG] [PooledByteBufAllocator]- -Dio.netty.allocator.useCacheForAllThreads: true 
[m[32m[2019-05-27 00:44:50,046] [main] [DEBUG] [ByteBufUtil]- -Dio.netty.allocator.type: pooled 
[m[32m[2019-05-27 00:44:50,046] [main] [DEBUG] [ByteBufUtil]- -Dio.netty.threadLocalDirectBufferSize: 65536 
[m[32m[2019-05-27 00:44:50,046] [main] [DEBUG] [ByteBufUtil]- -Dio.netty.maxThreadLocalCharBufferSize: 16384 
[m[37m[2019-05-27 00:45:03,794] [nioEventLoopGroup-3-1] [INFO ] [LoggingHandler]- [id: 0xddee0979, L:/127.0.0.1:1080 - R:/127.0.0.1:56204] REGISTERED 
[m[37m[2019-05-27 00:45:03,795] [nioEventLoopGroup-3-1] [INFO ] [LoggingHandler]- [id: 0xddee0979, L:/127.0.0.1:1080 - R:/127.0.0.1:56204] ACTIVE 
[m[32m[2019-05-27 00:45:03,799] [nioEventLoopGroup-3-1] [DEBUG] [Recycler]- -Dio.netty.recycler.maxCapacityPerThread: 32768 
[m[32m[2019-05-27 00:45:03,799] [nioEventLoopGroup-3-1] [DEBUG] [Recycler]- -Dio.netty.recycler.maxSharedCapacityFactor: 2 
[m[32m[2019-05-27 00:45:03,799] [nioEventLoopGroup-3-1] [DEBUG] [Recycler]- -Dio.netty.recycler.linkCapacity: 16 
[m[32m[2019-05-27 00:45:03,799] [nioEventLoopGroup-3-1] [DEBUG] [Recycler]- -Dio.netty.recycler.ratio: 8 
[m[32m[2019-05-27 00:45:03,808] [nioEventLoopGroup-3-1] [DEBUG] [AbstractByteBuf]- -Dio.netty.buffer.bytebuf.checkAccessible: true 
[m[32m[2019-05-27 00:45:03,809] [nioEventLoopGroup-3-1] [DEBUG] [ResourceLeakDetectorFactory]- Loaded default ResourceLeakDetector: io.netty.util.ResourceLeakDetector@9daa7b9 
[m[37m[2019-05-27 00:45:03,815] [nioEventLoopGroup-3-1] [INFO ] [LoggingHandler]- [id: 0xddee0979, L:/127.0.0.1:1080 - R:/127.0.0.1:56204] READ: 4B
         +-------------------------------------------------+
         |  0  1  2  3  4  5  6  7  8  9  a  b  c  d  e  f |
+--------+-------------------------------------------------+----------------+
|00000000| 05 02 00 01                                     |....            |
+--------+-------------------------------------------------+----------------+ 
[m[37m[2019-05-27 00:45:03,819] [nioEventLoopGroup-3-1] [INFO ] [LoggingHandler]- [id: 0xddee0979, L:/127.0.0.1:1080 - R:/127.0.0.1:56204] WRITE: 2B
         +-------------------------------------------------+
         |  0  1  2  3  4  5  6  7  8  9  a  b  c  d  e  f |
+--------+-------------------------------------------------+----------------+
|00000000| 05 00                                           |..              |
+--------+-------------------------------------------------+----------------+ 
[m[37m[2019-05-27 00:45:03,819] [nioEventLoopGroup-3-1] [INFO ] [LoggingHandler]- [id: 0xddee0979, L:/127.0.0.1:1080 - R:/127.0.0.1:56204] FLUSH 
[m[37m[2019-05-27 00:45:03,821] [nioEventLoopGroup-3-1] [INFO ] [LoggingHandler]- [id: 0xddee0979, L:/127.0.0.1:1080 - R:/127.0.0.1:56204] READ COMPLETE 
[m[37m[2019-05-27 00:45:03,855] [nioEventLoopGroup-3-1] [INFO ] [LoggingHandler]- [id: 0xddee0979, L:/127.0.0.1:1080 - R:/127.0.0.1:56204] READ: 10B
         +-------------------------------------------------+
         |  0  1  2  3  4  5  6  7  8  9  a  b  c  d  e  f |
+--------+-------------------------------------------------+----------------+
|00000000| 05 01 00 01 0e d7 b1 27 01 bb                   |.......'..      |
+--------+-------------------------------------------------+----------------+ 
[m[32m[2019-05-27 00:45:03,858] [nioEventLoopGroup-3-1] [DEBUG] [Socks5CommandRequestHandler]- 目标服务器:CONNECT(1),14.215.177.39:443 
[m[37m[2019-05-27 00:45:03,863] [nioEventLoopGroup-3-1] [INFO ] [LoggingHandler]- [id: 0xddee0979, L:/127.0.0.1:1080 - R:/127.0.0.1:56204] READ COMPLETE 
[m[32m[2019-05-27 00:45:03,880] [nioEventLoopGroup-2-2] [DEBUG] [Socks5CommandRequestHandler]- 成功连接目标服务器 
[m[37m[2019-05-27 00:45:03,883] [nioEventLoopGroup-3-1] [INFO ] [LoggingHandler]- [id: 0xddee0979, L:/127.0.0.1:1080 - R:/127.0.0.1:56204] WRITE: 10B
         +-------------------------------------------------+
         |  0  1  2  3  4  5  6  7  8  9  a  b  c  d  e  f |
+--------+-------------------------------------------------+----------------+
|00000000| 05 00 00 01 00 00 00 00 00 00                   |..........      |
+--------+-------------------------------------------------+----------------+ 
[m[37m[2019-05-27 00:45:03,884] [nioEventLoopGroup-3-1] [INFO ] [LoggingHandler]- [id: 0xddee0979, L:/127.0.0.1:1080 - R:/127.0.0.1:56204] FLUSH 
[m[37m[2019-05-27 00:45:03,893] [nioEventLoopGroup-3-1] [INFO ] [LoggingHandler]- [id: 0xddee0979, L:/127.0.0.1:1080 - R:/127.0.0.1:56204] READ: 512B
         +-------------------------------------------------+
         |  0  1  2  3  4  5  6  7  8  9  a  b  c  d  e  f |
+--------+-------------------------------------------------+----------------+
|00000000| 16 03 01 02 00 01 00 01 fc 03 03 1f 6f c6 17 e6 |............o...|
|00000010| 29 86 54 fd 71 cf c3 77 a1 8a d4 51 c5 72 a5 99 |).T.q..w...Q.r..|
|00000020| 9d 66 21 2f 2a cf 73 3b 1f 4e 35 00 00 86 cc 14 |.f!/*.s;.N5.....|
|00000030| cc 13 cc 15 c0 30 c0 2c c0 28 c0 24 c0 14 c0 0a |.....0.,.(.$....|
|00000040| 00 a3 00 9f 00 6b 00 6a 00 39 00 38 ff 85 00 c4 |.....k.j.9.8....|
|00000050| 00 c3 00 88 00 87 00 81 c0 32 c0 2e c0 2a c0 26 |.........2...*.&|
|00000060| c0 0f c0 05 00 9d 00 3d 00 35 00 c0 00 84 c0 2f |.......=.5...../|
|00000070| c0 2b c0 27 c0 23 c0 13 c0 09 00 a2 00 9e 00 67 |.+.'.#.........g|
|00000080| 00 40 00 33 00 32 00 be 00 bd 00 45 00 44 c0 31 |.@.3.2.....E.D.1|
|00000090| c0 2d c0 29 c0 25 c0 0e c0 04 00 9c 00 3c 00 2f |.-.).%.......<./|
|000000a0| 00 ba 00 41 c0 12 c0 08 00 16 00 13 c0 0d c0 03 |...A............|
|000000b0| 00 0a 00 ff 01 00 01 4d 00 00 00 12 00 10 00 00 |.......M........|
|000000c0| 0d 77 77 77 2e 62 61 69 64 75 2e 63 6f 6d 00 0b |.www.baidu.com..|
|000000d0| 00 04 03 00 01 02 00 0a 00 3a 00 38 00 0e 00 0d |.........:.8....|
|000000e0| 00 19 00 1c 00 0b 00 0c 00 1b 00 18 00 09 00 0a |................|
|000000f0| 00 1a 00 16 00 17 00 08 00 06 00 07 00 14 00 15 |................|
|00000100| 00 04 00 05 00 12 00 13 00 01 00 02 00 03 00 0f |................|
|00000110| 00 10 00 11 00 0d 00 26 00 24 06 01 06 02 06 03 |.......&.$......|
|00000120| ef ef 05 01 05 02 05 03 04 01 04 02 04 03 ee ee |................|
|00000130| ed ed 03 01 03 02 03 03 02 01 02 02 02 03 33 74 |..............3t|
|00000140| 00 00 00 10 00 0e 00 0c 02 68 32 08 68 74 74 70 |.........h2.http|
|00000150| 2f 31 2e 31 00 15 00 ad 00 00 00 00 00 00 00 00 |/1.1............|
|00000160| 00 00 00 00 00 00 00 00 00 00 00 00 00 00 00 00 |................|
|00000170| 00 00 00 00 00 00 00 00 00 00 00 00 00 00 00 00 |................|
|00000180| 00 00 00 00 00 00 00 00 00 00 00 00 00 00 00 00 |................|
|00000190| 00 00 00 00 00 00 00 00 00 00 00 00 00 00 00 00 |................|
|000001a0| 00 00 00 00 00 00 00 00 00 00 00 00 00 00 00 00 |................|
|000001b0| 00 00 00 00 00 00 00 00 00 00 00 00 00 00 00 00 |................|
|000001c0| 00 00 00 00 00 00 00 00 00 00 00 00 00 00 00 00 |................|
|000001d0| 00 00 00 00 00 00 00 00 00 00 00 00 00 00 00 00 |................|
|000001e0| 00 00 00 00 00 00 00 00 00 00 00 00 00 00 00 00 |................|
|000001f0| 00 00 00 00 00 00 00 00 00 00 00 00 00 00 00 00 |................|
+--------+-------------------------------------------------+----------------+ 
[m[37m[2019-05-27 00:45:03,894] [nioEventLoopGroup-3-1] [INFO ] [LoggingHandler]- [id: 0xddee0979, L:/127.0.0.1:1080 - R:/127.0.0.1:56204] READ: 5B
         +-------------------------------------------------+
         |  0  1  2  3  4  5  6  7  8  9  a  b  c  d  e  f |
+--------+-------------------------------------------------+----------------+
|00000000| 00 00 00 00 00                                  |.....           |
+--------+-------------------------------------------------+----------------+ 
[m[37m[2019-05-27 00:45:03,895] [nioEventLoopGroup-3-1] [INFO ] [LoggingHandler]- [id: 0xddee0979, L:/127.0.0.1:1080 - R:/127.0.0.1:56204] READ COMPLETE 
[m[37m[2019-05-27 00:45:03,903] [nioEventLoopGroup-3-1] [INFO ] [LoggingHandler]- [id: 0xddee0979, L:/127.0.0.1:1080 - R:/127.0.0.1:56204] WRITE: 1024B
         +-------------------------------------------------+
         |  0  1  2  3  4  5  6  7  8  9  a  b  c  d  e  f |
+--------+-------------------------------------------------+----------------+
|00000000| 16 03 03 00 60 02 00 00 5c 03 03 5c ea c2 8f 98 |....`...\..\....|
|00000010| 79 d8 f8 7b 60 5e e8 93 9c d7 71 8f 36 ea 72 36 |y..{`^....q.6.r6|
|00000020| a9 67 13 60 a4 62 28 c7 fc cc 2a 20 fd 57 54 16 |.g.`.b(...* .WT.|
|00000030| 3f 03 4c b8 42 55 87 e9 61 14 d7 c6 30 c2 fd 44 |?.L.BU..a...0..D|
|00000040| 52 02 43 a4 74 ec c7 84 77 08 cd 9e c0 2f 00 00 |R.C.t...w..../..|
|00000050| 14 ff 01 00 01 00 00 10 00 0b 00 09 08 68 74 74 |.............htt|
|00000060| 70 2f 31 2e 31 16 03 03 0e 2d 0b 00 0e 29 00 0e |p/1.1....-...)..|
|00000070| 26 00 09 b3 30 82 09 af 30 82 08 97 a0 03 02 01 |&...0...0.......|
|00000080| 02 02 0c 2c ee 19 3c 18 82 78 ea 3e 43 75 73 30 |...,..<..x.>Cus0|
|00000090| 0d 06 09 2a 86 48 86 f7 0d 01 01 0b 05 00 30 66 |...*.H........0f|
|000000a0| 31 0b 30 09 06 03 55 04 06 13 02 42 45 31 19 30 |1.0...U....BE1.0|
|000000b0| 17 06 03 55 04 0a 13 10 47 6c 6f 62 61 6c 53 69 |...U....GlobalSi|
|000000c0| 67 6e 20 6e 76 2d 73 61 31 3c 30 3a 06 03 55 04 |gn nv-sa1<0:..U.|
|000000d0| 03 13 33 47 6c 6f 62 61 6c 53 69 67 6e 20 4f 72 |..3GlobalSign Or|
|000000e0| 67 61 6e 69 7a 61 74 69 6f 6e 20 56 61 6c 69 64 |ganization Valid|
|000000f0| 61 74 69 6f 6e 20 43 41 20 2d 20 53 48 41 32 35 |ation CA - SHA25|
|00000100| 36 20 2d 20 47 32 30 1e 17 0d 31 39 30 35 30 39 |6 - G20...190509|
|00000110| 30 31 32 32 30 32 5a 17 0d 32 30 30 36 32 35 30 |012202Z..2006250|
|00000120| 35 33 31 30 32 5a 30 81 a7 31 0b 30 09 06 03 55 |53102Z0..1.0...U|
|00000130| 04 06 13 02 43 4e 31 10 30 0e 06 03 55 04 08 13 |....CN1.0...U...|
|00000140| 07 62 65 69 6a 69 6e 67 31 10 30 0e 06 03 55 04 |.beijing1.0...U.|
|00000150| 07 13 07 62 65 69 6a 69 6e 67 31 25 30 23 06 03 |...beijing1%0#..|
|00000160| 55 04 0b 13 1c 73 65 72 76 69 63 65 20 6f 70 65 |U....service ope|
|00000170| 72 61 74 69 6f 6e 20 64 65 70 61 72 74 6d 65 6e |ration departmen|
|00000180| 74 31 39 30 37 06 03 55 04 0a 13 30 42 65 69 6a |t1907..U...0Beij|
|00000190| 69 6e 67 20 42 61 69 64 75 20 4e 65 74 63 6f 6d |ing Baidu Netcom|
|000001a0| 20 53 63 69 65 6e 63 65 20 54 65 63 68 6e 6f 6c | Science Technol|
|000001b0| 6f 67 79 20 43 6f 2e 2c 20 4c 74 64 31 12 30 10 |ogy Co., Ltd1.0.|
|000001c0| 06 03 55 04 03 13 09 62 61 69 64 75 2e 63 6f 6d |..U....baidu.com|
|000001d0| 30 82 01 22 30 0d 06 09 2a 86 48 86 f7 0d 01 01 |0.."0...*.H.....|
|000001e0| 01 05 00 03 82 01 0f 00 30 82 01 0a 02 82 01 01 |........0.......|
|000001f0| 00 b4 c6 bf da 53 20 0f ea 40 f3 b8 52 17 66 3b |.....S ..@..R.f;|
|00000200| 36 01 8d 12 b4 99 0d d3 9b 6c 18 53 b1 19 08 b0 |6........l.S....|
|00000210| fa 73 47 3e 0d 3a 79 62 78 61 2e 54 3c 49 7c 56 |.sG>.:ybxa.T<I|V|
|00000220| da c0 be 61 55 d5 42 70 6a 10 be f5 bd 8d 64 96 |...aU.Bpj.....d.|
|00000230| 21 00 93 63 09 87 b7 19 ba 0e 20 3e 49 c8 53 ed |!..c...... >I.S.|
|00000240| 02 8f 46 01 eb a1 07 93 73 bb ed f1 b3 c9 e2 fb |..F.....s.......|
|00000250| dd f0 39 2a 83 ad f4 41 98 bc 86 ea ba 74 a8 a6 |..9*...A.....t..|
|00000260| e3 d0 e5 c5 8e b3 0b b2 d2 ac 91 74 0e ff 80 10 |...........t....|
|00000270| 23 36 62 65 08 b4 87 f5 57 0c 25 c7 00 d8 f5 a8 |#6be....W.%.....|
|00000280| 5d b8 33 41 a7 2a 5f db fa 70 9e 21 bb ae 42 16 |].3A.*_..p.!..B.|
|00000290| 66 07 69 fe 1c 26 2a 81 0f ab 73 e3 d6 52 20 a4 |f.i..&*...s..R .|
|000002a0| 6d a8 6c d4 66 48 a4 6f f2 68 0a c5 65 a1 4e bf |m.l.fH.o.h..e.N.|
|000002b0| 04 7a 40 43 1c d3 75 fb 75 ac 19 d6 4a 35 05 6e |.z@C..u.u...J5.n|
|000002c0| cf d5 65 d1 44 ca 6b 0c 58 04 c4 85 4f 1f be 2c |..e.D.k.X...O..,|
|000002d0| 32 d1 f1 c6 28 fb f9 26 36 b5 6d fa cb 96 a2 a0 |2...(..&6.m.....|
|000002e0| d0 bc f8 51 df 07 44 bd 8f 6f 67 c0 d4 af d9 cd |...Q..D..og.....|
|000002f0| c3 02 03 01 00 01 a3 82 06 19 30 82 06 15 30 0e |..........0...0.|
|00000300| 06 03 55 1d 0f 01 01 ff 04 04 03 02 05 a0 30 81 |..U...........0.|
|00000310| a0 06 08 2b 06 01 05 05 07 01 01 04 81 93 30 81 |...+..........0.|
|00000320| 90 30 4d 06 08 2b 06 01 05 05 07 30 02 86 41 68 |.0M..+.....0..Ah|
|00000330| 74 74 70 3a 2f 2f 73 65 63 75 72 65 2e 67 6c 6f |ttp://secure.glo|
|00000340| 62 61 6c 73 69 67 6e 2e 63 6f 6d 2f 63 61 63 65 |balsign.com/cace|
|00000350| 72 74 2f 67 73 6f 72 67 61 6e 69 7a 61 74 69 6f |rt/gsorganizatio|
|00000360| 6e 76 61 6c 73 68 61 32 67 32 72 31 2e 63 72 74 |nvalsha2g2r1.crt|
|00000370| 30 3f 06 08 2b 06 01 05 05 07 30 01 86 33 68 74 |0?..+.....0..3ht|
|00000380| 74 70 3a 2f 2f 6f 63 73 70 32 2e 67 6c 6f 62 61 |tp://ocsp2.globa|
|00000390| 6c 73 69 67 6e 2e 63 6f 6d 2f 67 73 6f 72 67 61 |lsign.com/gsorga|
|000003a0| 6e 69 7a 61 74 69 6f 6e 76 61 6c 73 68 61 32 67 |nizationvalsha2g|
|000003b0| 32 30 56 06 03 55 1d 20 04 4f 30 4d 30 41 06 09 |20V..U. .O0M0A..|
|000003c0| 2b 06 01 04 01 a0 32 01 14 30 34 30 32 06 08 2b |+.....2..0402..+|
|000003d0| 06 01 05 05 07 02 01 16 26 68 74 74 70 73 3a 2f |........&https:/|
|000003e0| 2f 77 77 77 2e 67 6c 6f 62 61 6c 73 69 67 6e 2e |/www.globalsign.|
|000003f0| 63 6f 6d 2f 72 65 70 6f 73 69 74 6f 72 79 2f 30 |com/repository/0|
+--------+-------------------------------------------------+----------------+ 
[m[37m[2019-05-27 00:45:03,904] [nioEventLoopGroup-3-1] [INFO ] [LoggingHandler]- [id: 0xddee0979, L:/127.0.0.1:1080 - R:/127.0.0.1:56204] FLUSH 
[m[37m[2019-05-27 00:45:03,905] [nioEventLoopGroup-3-1] [INFO ] [LoggingHandler]- [id: 0xddee0979, L:/127.0.0.1:1080 - R:/127.0.0.1:56204] WRITE: 1024B
         +-------------------------------------------------+
         |  0  1  2  3  4  5  6  7  8  9  a  b  c  d  e  f |
+--------+-------------------------------------------------+----------------+
|00000000| 08 06 06 67 81 0c 01 02 02 30 09 06 03 55 1d 13 |...g.....0...U..|
|00000010| 04 02 30 00 30 49 06 03 55 1d 1f 04 42 30 40 30 |..0.0I..U...B0@0|
|00000020| 3e a0 3c a0 3a 86 38 68 74 74 70 3a 2f 2f 63 72 |>.<.:.8http://cr|
|00000030| 6c 2e 67 6c 6f 62 61 6c 73 69 67 6e 2e 63 6f 6d |l.globalsign.com|
|00000040| 2f 67 73 2f 67 73 6f 72 67 61 6e 69 7a 61 74 69 |/gs/gsorganizati|
|00000050| 6f 6e 76 61 6c 73 68 61 32 67 32 2e 63 72 6c 30 |onvalsha2g2.crl0|
|00000060| 82 03 49 06 03 55 1d 11 04 82 03 40 30 82 03 3c |..I..U.....@0..<|
|00000070| 82 09 62 61 69 64 75 2e 63 6f 6d 82 12 63 6c 69 |..baidu.com..cli|
|00000080| 63 6b 2e 68 6d 2e 62 61 69 64 75 2e 63 6f 6d 82 |ck.hm.baidu.com.|
|00000090| 10 63 6d 2e 70 6f 73 2e 62 61 69 64 75 2e 63 6f |.cm.pos.baidu.co|
|000000a0| 6d 82 10 6c 6f 67 2e 68 6d 2e 62 61 69 64 75 2e |m..log.hm.baidu.|
|000000b0| 63 6f 6d 82 14 75 70 64 61 74 65 2e 70 61 6e 2e |com..update.pan.|
|000000c0| 62 61 69 64 75 2e 63 6f 6d 82 10 77 6e 2e 70 6f |baidu.com..wn.po|
|000000d0| 73 2e 62 61 69 64 75 2e 63 6f 6d 82 08 2a 2e 39 |s.baidu.com..*.9|
|000000e0| 31 2e 63 6f 6d 82 0b 2a 2e 61 69 70 61 67 65 2e |1.com..*.aipage.|
|000000f0| 63 6e 82 0c 2a 2e 61 69 70 61 67 65 2e 63 6f 6d |cn..*.aipage.com|
|00000100| 82 0d 2a 2e 61 70 6f 6c 6c 6f 2e 61 75 74 6f 82 |..*.apollo.auto.|
|00000110| 0b 2a 2e 62 61 69 64 75 2e 63 6f 6d 82 0e 2a 2e |.*.baidu.com..*.|
|00000120| 62 61 69 64 75 62 63 65 2e 63 6f 6d 82 12 2a 2e |baidubce.com..*.|
|00000130| 62 61 69 64 75 63 6f 6e 74 65 6e 74 2e 63 6f 6d |baiducontent.com|
|00000140| 82 0e 2a 2e 62 61 69 64 75 70 63 73 2e 63 6f 6d |..*.baidupcs.com|
|00000150| 82 11 2a 2e 62 61 69 64 75 73 74 61 74 69 63 2e |..*.baidustatic.|
|00000160| 63 6f 6d 82 0c 2a 2e 62 61 69 66 61 65 2e 63 6f |com..*.baifae.co|
|00000170| 6d 82 0e 2a 2e 62 61 69 66 75 62 61 6f 2e 63 6f |m..*.baifubao.co|
|00000180| 6d 82 0f 2a 2e 62 63 65 2e 62 61 69 64 75 2e 63 |m..*.bce.baidu.c|
|00000190| 6f 6d 82 0d 2a 2e 62 63 65 68 6f 73 74 2e 63 6f |om..*.bcehost.co|
|000001a0| 6d 82 0b 2a 2e 62 64 69 6d 67 2e 63 6f 6d 82 0e |m..*.bdimg.com..|
|000001b0| 2a 2e 62 64 73 74 61 74 69 63 2e 63 6f 6d 82 0d |*.bdstatic.com..|
|000001c0| 2a 2e 62 64 74 6a 72 63 76 2e 63 6f 6d 82 11 2a |*.bdtjrcv.com..*|
|000001d0| 2e 62 6a 2e 62 61 69 64 75 62 63 65 2e 63 6f 6d |.bj.baidubce.com|
|000001e0| 82 0d 2a 2e 63 68 75 61 6e 6b 65 2e 63 6f 6d 82 |..*.chuanke.com.|
|000001f0| 0b 2a 2e 64 6c 6e 65 6c 2e 63 6f 6d 82 0b 2a 2e |.*.dlnel.com..*.|
|00000200| 64 6c 6e 65 6c 2e 6f 72 67 82 12 2a 2e 64 75 65 |dlnel.org..*.due|
|00000210| 72 6f 73 2e 62 61 69 64 75 2e 63 6f 6d 82 10 2a |ros.baidu.com..*|
|00000220| 2e 65 79 75 6e 2e 62 61 69 64 75 2e 63 6f 6d 82 |.eyun.baidu.com.|
|00000230| 11 2a 2e 66 61 6e 79 69 2e 62 61 69 64 75 2e 63 |.*.fanyi.baidu.c|
|00000240| 6f 6d 82 11 2a 2e 67 7a 2e 62 61 69 64 75 62 63 |om..*.gz.baidubc|
|00000250| 65 2e 63 6f 6d 82 12 2a 2e 68 61 6f 31 32 33 2e |e.com..*.hao123.|
|00000260| 62 61 69 64 75 2e 63 6f 6d 82 0c 2a 2e 68 61 6f |baidu.com..*.hao|
|00000270| 31 32 33 2e 63 6f 6d 82 0c 2a 2e 68 61 6f 32 32 |123.com..*.hao22|
|00000280| 32 2e 63 6f 6d 82 0e 2a 2e 69 6d 2e 62 61 69 64 |2.com..*.im.baid|
|00000290| 75 2e 63 6f 6d 82 0f 2a 2e 6d 61 70 2e 62 61 69 |u.com..*.map.bai|
|000002a0| 64 75 2e 63 6f 6d 82 0f 2a 2e 6d 62 64 2e 62 61 |du.com..*.mbd.ba|
|000002b0| 69 64 75 2e 63 6f 6d 82 0c 2a 2e 6d 69 70 63 64 |idu.com..*.mipcd|
|000002c0| 6e 2e 63 6f 6d 82 10 2a 2e 6e 65 77 73 2e 62 61 |n.com..*.news.ba|
|000002d0| 69 64 75 2e 63 6f 6d 82 0b 2a 2e 6e 75 6f 6d 69 |idu.com..*.nuomi|
|000002e0| 2e 63 6f 6d 82 10 2a 2e 73 61 66 65 2e 62 61 69 |.com..*.safe.bai|
|000002f0| 64 75 2e 63 6f 6d 82 0e 2a 2e 73 6d 61 72 74 61 |du.com..*.smarta|
|00000300| 70 70 73 2e 63 6e 82 11 2a 2e 73 73 6c 32 2e 64 |pps.cn..*.ssl2.d|
|00000310| 75 61 70 70 73 2e 63 6f 6d 82 0e 2a 2e 73 75 2e |uapps.com..*.su.|
|00000320| 62 61 69 64 75 2e 63 6f 6d 82 0d 2a 2e 74 72 75 |baidu.com..*.tru|
|00000330| 73 74 67 6f 2e 63 6f 6d 82 12 2a 2e 78 75 65 73 |stgo.com..*.xues|
|00000340| 68 75 2e 62 61 69 64 75 2e 63 6f 6d 82 0b 61 70 |hu.baidu.com..ap|
|00000350| 6f 6c 6c 6f 2e 61 75 74 6f 82 0a 62 61 69 66 61 |ollo.auto..baifa|
|00000360| 65 2e 63 6f 6d 82 0c 62 61 69 66 75 62 61 6f 2e |e.com..baifubao.|
|00000370| 63 6f 6d 82 06 64 77 7a 2e 63 6e 82 0f 6d 63 74 |com..dwz.cn..mct|
|00000380| 2e 79 2e 6e 75 6f 6d 69 2e 63 6f 6d 82 0c 77 77 |.y.nuomi.com..ww|
|00000390| 77 2e 62 61 69 64 75 2e 63 6e 82 10 77 77 77 2e |w.baidu.cn..www.|
|000003a0| 62 61 69 64 75 2e 63 6f 6d 2e 63 6e 30 1d 06 03 |baidu.com.cn0...|
|000003b0| 55 1d 25 04 16 30 14 06 08 2b 06 01 05 05 07 03 |U.%..0...+......|
|000003c0| 01 06 08 2b 06 01 05 05 07 03 02 30 1d 06 03 55 |...+.......0...U|
|000003d0| 1d 0e 04 16 04 14 76 b5 e6 d6 49 f8 f8 36 ea 75 |......v...I..6.u|
|000003e0| a9 6d 5e 4d 55 5b 37 5c fd c7 30 1f 06 03 55 1d |.m^MU[7\..0...U.|
|000003f0| 23 04 18 30 16 80 14 96 de 61 f1 bd 1c 16 29 53 |#..0.....a....)S|
+--------+-------------------------------------------------+----------------+ 
[m[37m[2019-05-27 00:45:03,905] [nioEventLoopGroup-3-1] [INFO ] [LoggingHandler]- [id: 0xddee0979, L:/127.0.0.1:1080 - R:/127.0.0.1:56204] FLUSH 
[m[37m[2019-05-27 00:45:03,906] [nioEventLoopGroup-3-1] [INFO ] [LoggingHandler]- [id: 0xddee0979, L:/127.0.0.1:1080 - R:/127.0.0.1:56204] WRITE: 1024B
         +-------------------------------------------------+
         |  0  1  2  3  4  5  6  7  8  9  a  b  c  d  e  f |
+--------+-------------------------------------------------+----------------+
|00000000| 1c c0 cc 7d 3b 83 00 40 e6 1a 7c 30 82 01 04 06 |...};..@..|0....|
|00000010| 0a 2b 06 01 04 01 d6 79 02 04 02 04 81 f5 04 81 |.+.....y........|
|00000020| f2 00 f0 00 76 00 bb d9 df bc 1f 8a 71 b5 93 94 |....v.......q...|
|00000030| 23 97 aa 92 7b 47 38 57 95 0a ab 52 e8 1a 90 96 |#...{G8W...R....|
|00000040| 64 36 8e 1e d1 85 00 00 01 6a 9a 2e e1 9a 00 00 |d6.......j......|
|00000050| 04 03 00 47 30 45 02 20 2c 7b 4d c0 f9 85 47 8a |...G0E. ,{M...G.|
|00000060| 2d 0a c0 79 3b d6 b4 b5 66 f8 aa fb 82 58 ad 23 |-..y;...f....X.#|
|00000070| 36 fe 16 bc a6 83 99 21 02 21 00 c0 2f cd 9c 99 |6......!.!../...|
|00000080| 20 cb 7d 91 5f d2 8b c6 13 10 73 b5 c1 54 03 33 | .}._.....s..T.3|
|00000090| 41 9f a6 6a c5 14 93 cf 69 2b 6b 00 76 00 6f 53 |A..j....i+k.v.oS|
|000000a0| 76 ac 31 f0 31 19 d8 99 00 a4 51 15 ff 77 15 1c |v.1.1.....Q..w..|
|000000b0| 11 d9 02 c1 00 29 06 8d b2 08 9a 37 d9 13 00 00 |.....).....7....|
|000000c0| 01 6a 9a 2e de 4f 00 00 04 03 00 47 30 45 02 20 |.j...O.....G0E. |
|000000d0| 03 32 68 9e 39 d0 eb 5f 19 61 db a7 12 69 6f 28 |.2h.9.._.a...io(|
|000000e0| 44 81 02 a5 3c c2 a3 13 d5 7e 98 26 5f 20 1a a0 |D...<....~.&_ ..|
|000000f0| 02 21 00 a7 8b 62 b3 b0 b4 44 32 e2 11 ff 45 8d |.!...b...D2...E.|
|00000100| 55 11 2c 36 ab 29 93 44 c8 34 5c ce 7c 35 57 31 |U.,6.).D.4\.|5W1|
|00000110| ae ab 12 30 0d 06 09 2a 86 48 86 f7 0d 01 01 0b |...0...*.H......|
|00000120| 05 00 03 82 01 01 00 aa b9 cd 52 8e dc 36 5d 47 |..........R..6]G|
|00000130| d4 8b f3 32 17 06 46 83 60 a3 27 05 49 29 b1 1b |...2..F.`.'.I)..|
|00000140| 46 6e 38 fe 93 fe 09 43 6c d2 a1 58 24 12 42 b7 |Fn8....Cl..X$.B.|
|00000150| ab 41 f8 47 0a 7d 64 b5 75 dc 5a 45 14 b2 a4 18 |.A.G.}d.u.ZE....|
|00000160| 6b 9c b7 3b 8f b3 7e d2 bd c0 72 4b 35 05 ae 0d |k..;..~...rK5...|
|00000170| 2d 19 1f 50 73 72 5a df 97 18 3b db 2a f3 de 44 |-..PsrZ...;.*..D|
|00000180| ce 64 2d c1 1e 84 cc 76 24 3e 30 67 23 26 e8 4f |.d-....v$>0g#&.O|
|00000190| f7 0b f6 ec 69 d7 7f 51 a9 a0 6f b8 c4 14 e2 c0 |....i..Q..o.....|
|000001a0| 4a 4a c4 00 5d 57 6a c9 41 c4 25 2b 32 18 aa 62 |JJ..]Wj.A.%+2..b|
|000001b0| a8 1e 49 81 73 1c 81 5f 5e fa e4 94 32 c3 50 6d |..I.s.._^...2.Pm|
|000001c0| 8e aa cc 6c 4c 53 0c fa 8f 4e 34 79 9f a5 60 c0 |...lLS...N4y..`.|
|000001d0| f8 50 75 b8 a1 9d 01 e6 ab 25 23 0c 3b 24 02 40 |.Pu......%#.;$.@|
|000001e0| 58 24 ff 34 02 8b 94 61 10 68 2f b6 80 e3 d0 5f |X$.4...a.h/...._|
|000001f0| 4a 0a a7 02 d2 c0 98 3e 1d e8 02 c8 27 71 26 b2 |J......>....'q&.|
|00000200| a8 87 b6 db 9d 10 47 4b c2 13 62 34 c6 d0 3c 39 |......GK..b4..<9|
|00000210| 09 39 25 8f fe a2 f4 f3 fb df 9b 27 3d fc d0 28 |.9%........'=..(|
|00000220| e8 6d dc dd 17 d3 1f 00 04 6d 30 82 04 69 30 82 |.m.......m0..i0.|
|00000230| 03 51 a0 03 02 01 02 02 0b 04 00 00 00 00 01 44 |.Q.............D|
|00000240| 4e f0 42 47 30 0d 06 09 2a 86 48 86 f7 0d 01 01 |N.BG0...*.H.....|
|00000250| 0b 05 00 30 57 31 0b 30 09 06 03 55 04 06 13 02 |...0W1.0...U....|
|00000260| 42 45 31 19 30 17 06 03 55 04 0a 13 10 47 6c 6f |BE1.0...U....Glo|
|00000270| 62 61 6c 53 69 67 6e 20 6e 76 2d 73 61 31 10 30 |balSign nv-sa1.0|
|00000280| 0e 06 03 55 04 0b 13 07 52 6f 6f 74 20 43 41 31 |...U....Root CA1|
|00000290| 1b 30 19 06 03 55 04 03 13 12 47 6c 6f 62 61 6c |.0...U....Global|
|000002a0| 53 69 67 6e 20 52 6f 6f 74 20 43 41 30 1e 17 0d |Sign Root CA0...|
|000002b0| 31 34 30 32 32 30 31 30 30 30 30 30 5a 17 0d 32 |140220100000Z..2|
|000002c0| 34 30 32 32 30 31 30 30 30 30 30 5a 30 66 31 0b |40220100000Z0f1.|
|000002d0| 30 09 06 03 55 04 06 13 02 42 45 31 19 30 17 06 |0...U....BE1.0..|
|000002e0| 03 55 04 0a 13 10 47 6c 6f 62 61 6c 53 69 67 6e |.U....GlobalSign|
|000002f0| 20 6e 76 2d 73 61 31 3c 30 3a 06 03 55 04 03 13 | nv-sa1<0:..U...|
|00000300| 33 47 6c 6f 62 61 6c 53 69 67 6e 20 4f 72 67 61 |3GlobalSign Orga|
|00000310| 6e 69 7a 61 74 69 6f 6e 20 56 61 6c 69 64 61 74 |nization Validat|
|00000320| 69 6f 6e 20 43 41 20 2d 20 53 48 41 32 35 36 20 |ion CA - SHA256 |
|00000330| 2d 20 47 32 30 82 01 22 30 0d 06 09 2a 86 48 86 |- G20.."0...*.H.|
|00000340| f7 0d 01 01 01 05 00 03 82 01 0f 00 30 82 01 0a |............0...|
|00000350| 02 82 01 01 00 c7 0e 6c 3f 23 93 7f cc 70 a5 9d |.......l?#...p..|
|00000360| 20 c3 0e 53 3f 7e c0 4e c2 98 49 ca 47 d5 23 ef | ..S?~.N..I.G.#.|
|00000370| 03 34 85 74 c8 a3 02 2e 46 5c 0b 7d c9 88 9d 4f |.4.t....F\.}...O|
|00000380| 8b f0 f8 9c 6c 8c 55 35 db bf f2 b3 ea fb e3 56 |....l.U5.......V|
|00000390| e7 4a 46 d9 13 22 ca 36 d5 9b c1 a8 e3 96 43 93 |.JF..".6......C.|
|000003a0| f2 0c bc e6 f9 e6 e8 99 c8 63 48 78 7f 57 36 69 |.........cHx.W6i|
|000003b0| 1a 19 1d 5a d1 d4 7d c2 9c d4 7f e1 80 12 ae 7a |...Z..}........z|
|000003c0| ea 88 ea 57 d8 ca 0a 0a 3a 12 49 a2 62 19 7a 0d |...W....:.I.b.z.|
|000003d0| 24 f7 37 eb b4 73 92 7b 05 23 9b 12 b5 ce eb 29 |$.7..s.{.#.....)|
|000003e0| df a4 14 02 b9 01 a5 d4 a6 9c 43 64 88 de f8 7e |..........Cd...~|
|000003f0| fe e3 f5 1e e5 fe dc a3 a8 e4 66 31 d9 4c 25 e9 |..........f1.L%.|
+--------+-------------------------------------------------+----------------+ 
[m[37m[2019-05-27 00:45:03,907] [nioEventLoopGroup-3-1] [INFO ] [LoggingHandler]- [id: 0xddee0979, L:/127.0.0.1:1080 - R:/127.0.0.1:56204] FLUSH 
[m[37m[2019-05-27 00:45:03,908] [nioEventLoopGroup-3-1] [INFO ] [LoggingHandler]- [id: 0xddee0979, L:/127.0.0.1:1080 - R:/127.0.0.1:56204] WRITE: 663B
         +-------------------------------------------------+
         |  0  1  2  3  4  5  6  7  8  9  a  b  c  d  e  f |
+--------+-------------------------------------------------+----------------+
|00000000| 18 b9 89 59 09 ae e9 9d 1c 6d 37 0f 4a 1e 35 20 |...Y.....m7.J.5 |
|00000010| 28 e2 af d4 21 8b 01 c4 45 ad 6e 2b 63 ab 92 6b |(...!...E.n+c..k|
|00000020| 61 0a 4d 20 ed 73 ba 7c ce fe 16 b5 db 9f 80 f0 |a.M .s.|........|
|00000030| d6 8b 6c d9 08 79 4a 4f 78 65 da 92 bc be 35 f9 |..l..yJOxe....5.|
|00000040| b3 c4 f9 27 80 4e ff 96 52 e6 02 20 e1 07 73 e9 |...'.N..R.. ..s.|
|00000050| 5d 2b bd b2 f1 02 03 01 00 01 a3 82 01 25 30 82 |]+...........%0.|
|00000060| 01 21 30 0e 06 03 55 1d 0f 01 01 ff 04 04 03 02 |.!0...U.........|
|00000070| 01 06 30 12 06 03 55 1d 13 01 01 ff 04 08 30 06 |..0...U.......0.|
|00000080| 01 01 ff 02 01 00 30 1d 06 03 55 1d 0e 04 16 04 |......0...U.....|
|00000090| 14 96 de 61 f1 bd 1c 16 29 53 1c c0 cc 7d 3b 83 |...a....)S...};.|
|000000a0| 00 40 e6 1a 7c 30 47 06 03 55 1d 20 04 40 30 3e |.@..|0G..U. .@0>|
|000000b0| 30 3c 06 04 55 1d 20 00 30 34 30 32 06 08 2b 06 |0<..U. .0402..+.|
|000000c0| 01 05 05 07 02 01 16 26 68 74 74 70 73 3a 2f 2f |.......&https://|
|000000d0| 77 77 77 2e 67 6c 6f 62 61 6c 73 69 67 6e 2e 63 |www.globalsign.c|
|000000e0| 6f 6d 2f 72 65 70 6f 73 69 74 6f 72 79 2f 30 33 |om/repository/03|
|000000f0| 06 03 55 1d 1f 04 2c 30 2a 30 28 a0 26 a0 24 86 |..U...,0*0(.&.$.|
|00000100| 22 68 74 74 70 3a 2f 2f 63 72 6c 2e 67 6c 6f 62 |"http://crl.glob|
|00000110| 61 6c 73 69 67 6e 2e 6e 65 74 2f 72 6f 6f 74 2e |alsign.net/root.|
|00000120| 63 72 6c 30 3d 06 08 2b 06 01 05 05 07 01 01 04 |crl0=..+........|
|00000130| 31 30 2f 30 2d 06 08 2b 06 01 05 05 07 30 01 86 |10/0-..+.....0..|
|00000140| 21 68 74 74 70 3a 2f 2f 6f 63 73 70 2e 67 6c 6f |!http://ocsp.glo|
|00000150| 62 61 6c 73 69 67 6e 2e 63 6f 6d 2f 72 6f 6f 74 |balsign.com/root|
|00000160| 72 31 30 1f 06 03 55 1d 23 04 18 30 16 80 14 60 |r10...U.#..0...`|
|00000170| 7b 66 1a 45 0d 97 ca 89 50 2f 7d 04 cd 34 a8 ff |{f.E....P/}..4..|
|00000180| fc fd 4b 30 0d 06 09 2a 86 48 86 f7 0d 01 01 0b |..K0...*.H......|
|00000190| 05 00 03 82 01 01 00 46 2a ee 5e bd ae 01 60 37 |.......F*.^...`7|
|000001a0| 31 11 86 71 74 b6 46 49 c8 10 16 fe 2f 62 23 17 |1..qt.FI..../b#.|
|000001b0| ab 1f 87 f8 82 ed ca df 0e 2c df 64 75 8e e5 18 |.........,.du...|
|000001c0| 72 a7 8c 3a 8b c9 ac a5 77 50 f7 ef 9e a4 e0 a0 |r..:....wP......|
|000001d0| 8f 14 57 a3 2a 5f ec 7e 6d 10 e6 ba 8d b0 08 87 |..W.*_.~m.......|
|000001e0| 76 0e 4c b2 d9 51 bb 11 02 f2 5c dd 1c bd f3 55 |v.L..Q....\....U|
|000001f0| 96 0f d4 06 c0 fc e2 23 8a 24 70 d3 bb f0 79 1a |.......#.$p...y.|
|00000200| a7 61 70 83 8a af 06 c5 20 d8 a1 63 d0 6c ae 4f |.ap..... ..c.l.O|
|00000210| 32 d7 ae 7c 18 45 75 05 29 77 df 42 40 64 64 86 |2..|.Eu.)w.B@dd.|
|00000220| be 2a 76 09 31 6f 1d 24 f4 99 d0 85 fe f2 21 08 |.*v.1o.$......!.|
|00000230| f9 c6 f6 f1 d0 59 ed d6 56 3c 08 28 03 67 ba f0 |.....Y..V<.(.g..|
|00000240| f9 f1 90 16 47 ae 67 e6 bc 80 48 e9 42 76 34 97 |....G.g...H.Bv4.|
|00000250| 55 69 24 0e 83 d6 a0 2d b4 f5 f3 79 8a 49 28 74 |Ui$....-...y.I(t|
|00000260| 1a 41 a1 c2 d3 24 88 35 30 60 94 17 b4 e1 04 22 |.A...$.50`....."|
|00000270| 31 3d 3b 2f 17 06 b2 b8 9d 86 2b 5a 69 ef 83 f5 |1=;/......+Zi...|
|00000280| 4b c4 aa b4 2a f8 7c a1 b1 85 94 8c f4 0c 87 0c |K...*.|.........|
|00000290| f4 ac 40 f8 59 49 98                            |..@.YI.         |
+--------+-------------------------------------------------+----------------+ 
[m[37m[2019-05-27 00:45:03,910] [nioEventLoopGroup-3-1] [INFO ] [LoggingHandler]- [id: 0xddee0979, L:/127.0.0.1:1080 - R:/127.0.0.1:56204] FLUSH 
[m[37m[2019-05-27 00:45:03,912] [nioEventLoopGroup-3-1] [INFO ] [LoggingHandler]- [id: 0xddee0979, L:/127.0.0.1:1080 - R:/127.0.0.1:56204] WRITE: 347B
         +-------------------------------------------------+
         |  0  1  2  3  4  5  6  7  8  9  a  b  c  d  e  f |
+--------+-------------------------------------------------+----------------+
|00000000| 16 03 03 01 4d 0c 00 01 49 03 00 17 41 04 bd 5c |....M...I...A..\|
|00000010| 69 08 8a 9b 5e a4 53 df 24 cc 15 da 4d 7c c9 57 |i...^.S.$...M|.W|
|00000020| d7 a3 c8 77 06 b6 59 55 30 c0 28 48 82 e7 35 ef |...w..YU0.(H..5.|
|00000030| 41 2a 67 61 4c f3 7b 53 49 df c9 93 56 ae 37 c8 |A*gaL.{SI...V.7.|
|00000040| 63 ae 2d 5c 60 8c 74 bf 92 3a 92 76 71 36 04 01 |c.-\`.t..:.vq6..|
|00000050| 01 00 a4 79 81 d8 aa 86 36 97 bd 0a c6 8b 27 e7 |...y....6.....'.|
|00000060| dd 74 de ad 17 d1 e7 fc df 78 c6 b1 3d 22 dc 38 |.t.......x..=".8|
|00000070| ea 14 d2 b8 0a 8a 36 67 ac fe 9f f8 6c 3d 97 5f |......6g....l=._|
|00000080| 29 c1 5c b7 17 ec 69 33 51 e9 5f ba 6c 37 db df |).\...i3Q._.l7..|
|00000090| 9e 07 b7 c6 12 c7 f5 69 95 f9 f3 41 08 eb df 39 |.......i...A...9|
|000000a0| 05 01 62 a8 b4 4e 9c 18 7c 08 96 f1 03 27 76 91 |..b..N..|....'v.|
|000000b0| ba 20 35 82 8f 4f f8 6d 86 a4 04 92 0f 62 b2 c7 |. 5..O.m.....b..|
|000000c0| d8 18 c8 cf 86 ec f3 0c b5 a6 95 14 c7 fc 53 49 |..............SI|
|000000d0| ff f2 7a f6 23 20 38 41 ce 2e 46 21 f5 a4 5d 1f |..z.# 8A..F!..].|
|000000e0| 00 98 11 c5 02 0c 7a e8 db 5b fd 8d 09 c1 83 8f |......z..[......|
|000000f0| 88 b3 3c 71 60 7a 2f f7 29 a0 df 7a e0 03 4a fd |..<q`z/.)..z..J.|
|00000100| e4 80 57 14 41 b0 61 87 2e ff 39 5b f3 ea d9 db |..W.A.a...9[....|
|00000110| 97 40 7a 07 7f ea c8 4e 0b 20 cf 39 9c 3f c8 2a |.@z....N. .9.?.*|
|00000120| ba 13 df 02 b2 97 c0 62 b1 5e 71 79 06 04 3b ab |.......b.^qy..;.|
|00000130| a0 ec 96 9f 9f 13 d4 10 f1 45 db 44 96 1b 1f 59 |.........E.D...Y|
|00000140| 02 7b 57 c2 56 65 5f d3 16 7c 67 40 5c 87 03 a4 |.{W.Ve_..|g@\...|
|00000150| 92 3b 16 03 03 00 04 0e 00 00 00                |.;.........     |
+--------+-------------------------------------------------+----------------+ 
[m[37m[2019-05-27 00:45:03,913] [nioEventLoopGroup-3-1] [INFO ] [LoggingHandler]- [id: 0xddee0979, L:/127.0.0.1:1080 - R:/127.0.0.1:56204] FLUSH 
[m[37m[2019-05-27 00:45:03,926] [nioEventLoopGroup-3-1] [INFO ] [LoggingHandler]- [id: 0xddee0979, L:/127.0.0.1:1080 - R:/127.0.0.1:56204] READ: 126B
         +-------------------------------------------------+
         |  0  1  2  3  4  5  6  7  8  9  a  b  c  d  e  f |
+--------+-------------------------------------------------+----------------+
|00000000| 16 03 03 00 46 10 00 00 42 41 04 4a 50 d4 9e ce |....F...BA.JP...|
|00000010| ba a2 e3 99 9a 54 6f a2 dc f6 14 91 5b e3 cd b1 |.....To.....[...|
|00000020| 39 be c8 a1 2f 98 b8 5d 81 75 60 e3 cd e8 65 9d |9.../..].u`...e.|
|00000030| 7d 6e 6e 14 e8 f7 d6 af 5a 9a 9f 44 fd 80 0f 50 |}nn.....Z..D...P|
|00000040| 62 41 ce a7 fb 50 ba 0f f1 fd 70 14 03 03 00 01 |bA...P....p.....|
|00000050| 01 16 03 03 00 28 00 00 00 00 00 00 00 00 da b1 |.....(..........|
|00000060| 3c e7 e7 2c e3 62 6a f8 1c 01 32 43 d1 f4 a0 6c |<..,.bj...2C...l|
|00000070| cd 37 8d 2c 2d 35 a4 f0 66 27 b1 68 8b fe       |.7.,-5..f'.h..  |
+--------+-------------------------------------------------+----------------+ 
[m[37m[2019-05-27 00:45:03,927] [nioEventLoopGroup-3-1] [INFO ] [LoggingHandler]- [id: 0xddee0979, L:/127.0.0.1:1080 - R:/127.0.0.1:56204] READ COMPLETE 
[m[37m[2019-05-27 00:45:03,935] [nioEventLoopGroup-3-1] [INFO ] [LoggingHandler]- [id: 0xddee0979, L:/127.0.0.1:1080 - R:/127.0.0.1:56204] WRITE: 51B
         +-------------------------------------------------+
         |  0  1  2  3  4  5  6  7  8  9  a  b  c  d  e  f |
+--------+-------------------------------------------------+----------------+
|00000000| 14 03 03 00 01 01 16 03 03 00 28 00 00 00 00 00 |..........(.....|
|00000010| 00 00 00 42 cc 56 34 f5 7e 07 29 f1 0a 89 32 f6 |...B.V4.~.)...2.|
|00000020| b0 35 af d4 89 a8 d3 36 47 41 c7 36 92 70 d7 75 |.5.....6GA.6.p.u|
|00000030| 9e 3a 8a                                        |.:.             |
+--------+-------------------------------------------------+----------------+ 
[m[37m[2019-05-27 00:45:03,936] [nioEventLoopGroup-3-1] [INFO ] [LoggingHandler]- [id: 0xddee0979, L:/127.0.0.1:1080 - R:/127.0.0.1:56204] FLUSH 
[m[37m[2019-05-27 00:45:03,936] [nioEventLoopGroup-3-1] [INFO ] [LoggingHandler]- [id: 0xddee0979, L:/127.0.0.1:1080 - R:/127.0.0.1:56204] READ: 106B
         +-------------------------------------------------+
         |  0  1  2  3  4  5  6  7  8  9  a  b  c  d  e  f |
+--------+-------------------------------------------------+----------------+
|00000000| 17 03 03 00 65 00 00 00 00 00 00 00 01 12 49 f5 |....e.........I.|
|00000010| b5 59 af 45 a3 d2 1a f7 a8 fc 94 db d7 f0 cf 0f |.Y.E............|
|00000020| d3 88 d9 d3 c4 da c2 83 b9 28 f6 a4 ae 5b a5 46 |.........(...[.F|
|00000030| 41 ed 71 23 98 c5 b1 36 71 b4 b3 59 ae 86 6a 48 |A.q#...6q..Y..jH|
|00000040| a4 ff 20 be be 0d b9 ef 27 b6 20 73 e3 6b 08 a9 |.. .....'. s.k..|
|00000050| 11 a4 91 9d 35 97 2d 6b 95 47 ac 46 0d ae 93 31 |....5.-k.G.F...1|
|00000060| 44 a3 24 e1 89 57 70 07 02 60                   |D.$..Wp..`      |
+--------+-------------------------------------------------+----------------+ 
[m[37m[2019-05-27 00:45:03,937] [nioEventLoopGroup-3-1] [INFO ] [LoggingHandler]- [id: 0xddee0979, L:/127.0.0.1:1080 - R:/127.0.0.1:56204] READ COMPLETE 
[m[37m[2019-05-27 00:45:03,947] [nioEventLoopGroup-3-1] [INFO ] [LoggingHandler]- [id: 0xddee0979, L:/127.0.0.1:1080 - R:/127.0.0.1:56204] WRITE: 2901B
         +-------------------------------------------------+
         |  0  1  2  3  4  5  6  7  8  9  a  b  c  d  e  f |
+--------+-------------------------------------------------+----------------+
|00000000| 17 03 03 05 c0 00 00 00 00 00 00 00 01 9e 54 12 |..............T.|
|00000010| db a3 5f 1a 27 7f f1 30 c9 66 2d 6e 97 39 74 92 |.._.'..0.f-n.9t.|
|00000020| 71 84 b0 71 56 b2 99 93 ad 6c ee 47 33 19 e9 a3 |q..qV....l.G3...|
|00000030| 4b 91 a1 89 97 48 eb 5e 6d 0f c7 72 de 51 e9 f2 |K....H.^m..r.Q..|
|00000040| 53 41 15 56 19 84 2d b5 61 61 8c e6 7c 90 68 8f |SA.V..-.aa..|.h.|
|00000050| 68 78 67 03 7c 22 88 f9 ea 58 b9 42 de b4 01 29 |hxg.|"...X.B...)|
|00000060| c8 81 81 a2 5f e3 d6 13 83 38 21 00 51 e2 ba ac |...._....8!.Q...|
|00000070| 23 35 ab 38 54 5b b2 a8 0d c7 23 8d aa 03 2a ec |#5.8T[....#...*.|
|00000080| ab 31 c2 35 f9 09 7c 0e fe 67 8c 0a 6f 65 b3 44 |.1.5..|..g..oe.D|
|00000090| 49 25 5f 51 49 fa 26 96 ca 0b e8 9e 50 45 07 f7 |I%_QI.&.....PE..|
|000000a0| d3 cc ae 8a ab 60 e6 ec e7 4a 9c 7f e1 95 89 56 |.....`...J.....V|
|000000b0| a4 1a 5e 8c ee c5 60 5d a3 a7 77 33 06 4b 6b d2 |..^...`]..w3.Kk.|
|000000c0| a6 d4 c6 e2 01 ac 05 9c 4a 8d 81 a2 6a 37 9b a6 |........J...j7..|
|000000d0| 87 70 b1 04 49 0a 72 c8 30 e8 3f 03 a8 00 e7 c6 |.p..I.r.0.?.....|
|000000e0| 5b 7a c5 f4 33 c8 a5 1f ab e4 91 7f 9b f5 e5 91 |[z..3...........|
|000000f0| e3 c4 f9 41 c9 98 25 e6 b4 3c 85 aa 6d 12 06 3e |...A..%..<..m..>|
|00000100| 76 21 90 d7 8c b1 71 eb 5a 10 4a c7 e6 65 d1 8d |v!....q.Z.J..e..|
|00000110| 16 3d 69 17 b3 34 a1 0b a5 33 3c 40 c5 5e 43 6e |.=i..4...3<@.^Cn|
|00000120| 8f 6b 8d c6 22 fe 97 7f 38 ea 69 3c d3 f3 f6 63 |.k.."...8.i<...c|
|00000130| 26 6c 26 1a 1f 5f 0b 85 8c 22 3c 89 9b 3d 59 2c |&l&.._..."<..=Y,|
|00000140| 12 6f 49 c2 92 df 9a 42 b4 da 43 2b 11 ed 06 30 |.oI....B..C+...0|
|00000150| e6 05 b2 a8 ec 26 b9 31 0d 90 da 1c 3b 24 70 79 |.....&.1....;$py|
|00000160| 26 fd 40 08 4d 69 f3 3d 03 a0 15 db fe bf 4a 9b |&.@.Mi.=......J.|
|00000170| 95 57 4f 8c c0 28 72 48 50 e0 9d 0f 8e 27 ee 71 |.WO..(rHP....'.q|
|00000180| 45 e4 ae 65 2f ec 93 38 8c e8 63 71 3d 59 50 cb |E..e/..8..cq=YP.|
|00000190| 35 eb 8d 15 19 1f e9 1d d9 a9 1f 9d c6 14 47 d5 |5.............G.|
|000001a0| aa 70 45 cd 17 8b 8c 67 07 db 3c 40 7c 0f d2 8a |.pE....g..<@|...|
|000001b0| c9 8a c1 cc d2 f4 d4 67 22 dc 0b 63 92 7c 02 f4 |.......g"..c.|..|
|000001c0| e0 51 b6 da 82 66 58 58 62 2d 7a b6 72 3e fc 09 |.Q...fXXb-z.r>..|
|000001d0| 4e fb 96 ff 37 d5 a8 db b8 19 0f 25 d3 60 9b d6 |N...7......%.`..|
|000001e0| c4 cd 60 5b 22 96 d4 4f 30 2f dc 49 37 85 2c d6 |..`["..O0/.I7.,.|
|000001f0| b9 50 4a 6f 78 52 79 b0 4d 8f 05 d2 b1 d7 a7 e3 |.PJoxRy.M.......|
|00000200| a1 eb 80 28 e5 a4 c7 f8 47 a6 b5 80 4f bd 4b c3 |...(....G...O.K.|
|00000210| 32 d1 40 45 9b da 88 dd d5 1f 6b aa d2 3f f4 05 |2.@E......k..?..|
|00000220| cf 41 c7 35 20 25 40 d1 fb 37 3d 49 a0 cd c8 2b |.A.5 %@..7=I...+|
|00000230| 8c ac 23 79 9f a9 6c 44 56 2d a5 49 32 43 36 28 |..#y..lDV-.I2C6(|
|00000240| 86 52 63 eb af e6 dc f2 54 73 64 8f 02 53 fe d7 |.Rc.....Tsd..S..|
|00000250| 97 da b2 47 7a 97 ae 66 5d 05 38 90 da 23 4a 21 |...Gz..f].8..#J!|
|00000260| 86 55 67 54 24 8a 00 d7 a5 ce 4a 49 6b 4b 7b 85 |.UgT$.....JIkK{.|
|00000270| 2c 20 ac c7 87 e7 a5 90 d8 d7 9f 3b 0d 14 94 32 |, .........;...2|
|00000280| 14 44 90 bc 73 28 55 ad bb 39 70 3c 9f 64 05 07 |.D..s(U..9p<.d..|
|00000290| d5 d9 be 72 15 7a 96 69 f8 bb 11 b9 fd 44 ec 08 |...r.z.i.....D..|
|000002a0| 53 ef cd a0 d2 4b 68 c9 15 88 10 3e b5 91 3d 8c |S....Kh....>..=.|
|000002b0| a7 f1 bf ed 2e cd 88 66 dc 8b 12 11 85 c3 4d 18 |.......f......M.|
|000002c0| 18 85 ee af 6a bb 30 65 74 34 63 a8 bc 90 81 34 |....j.0et4c....4|
|000002d0| e7 17 48 6e f6 50 a4 73 54 32 16 03 a4 42 bc 82 |..Hn.P.sT2...B..|
|000002e0| 0c 6a 02 71 bc 76 08 0d 77 5b 31 0d 9c 7a 23 f2 |.j.q.v..w[1..z#.|
|000002f0| f3 c6 8e 12 9f 34 18 41 4b 56 f4 08 d9 d2 5e db |.....4.AKV....^.|
|00000300| 1f 1f ea 8e ff fb f6 c1 17 cf 92 63 52 58 9f cb |...........cRX..|
|00000310| f0 30 16 be b6 b0 ee 46 02 3a d1 f2 35 71 f0 c5 |.0.....F.:..5q..|
|00000320| a7 6f 48 4c 5c e3 24 37 cd 07 30 5a 69 0f 20 81 |.oHL\.$7..0Zi. .|
|00000330| 49 13 da 8a cf 83 d3 54 b8 e3 d6 31 74 93 03 10 |I......T...1t...|
|00000340| 2e a7 5e 3f c0 5f 82 d8 fd 34 1c 96 70 e9 be e1 |..^?._...4..p...|
|00000350| e1 50 4b 9a 21 01 6d ca 48 7b 35 07 80 fb 2b 4c |.PK.!.m.H{5...+L|
|00000360| 07 97 53 52 df 4c 56 c1 75 91 d8 64 05 f9 f5 ef |..SR.LV.u..d....|
|00000370| a4 26 cd b1 86 38 5a f0 e0 7a ab 37 e2 c6 a6 cf |.&...8Z..z.7....|
|00000380| e1 aa c6 71 9a 81 8d ba 3e 69 85 9e f0 53 44 f7 |...q....>i...SD.|
|00000390| 17 0a 72 fd 14 ce 58 95 1e f3 27 8e e3 d4 86 ff |..r...X...'.....|
|000003a0| cb 4b 75 aa d6 eb dc 8e c9 2e c2 17 5a f9 01 0e |.Ku.........Z...|
|000003b0| 94 b9 8e 08 80 42 f3 99 42 21 2e 63 7a fc 48 5b |.....B..B!.cz.H[|
|000003c0| 96 53 30 ed 97 c3 d4 48 9a 77 be 3f 4e 45 c0 10 |.S0....H.w.?NE..|
|000003d0| f6 d4 0b 8b 56 e3 b2 b7 b7 65 2f 91 09 2d 02 54 |....V....e/..-.T|
|000003e0| 5d 75 a3 72 15 12 04 57 38 bc 63 34 0d 4a ed af |]u.r...W8.c4.J..|
|000003f0| a5 41 e2 e4 4f 89 2c 04 0d fa f4 8c 43 c9 14 fe |.A..O.,.....C...|
|00000400| 31 63 1d 50 d8 09 b4 6e 5b cf cf f1 e8 67 cd a0 |1c.P...n[....g..|
|00000410| 4e f0 3a 96 f4 8e 74 a6 77 ba dc 91 10 d3 5e 3a |N.:...t.w.....^:|
|00000420| 21 3f 2a 0d 7a fc 29 a9 b5 2b 84 b6 d1 1d f9 58 |!?*.z.)..+.....X|
|00000430| 4d 1b 5f 69 b3 61 bc 57 91 00 8e 5e 05 44 3f 4c |M._i.a.W...^.D?L|
|00000440| c7 a3 22 b0 5b bf df 1a ba af 2c 56 bf 95 49 30 |..".[.....,V..I0|
|00000450| 88 ae 90 2d 0a 67 07 bc 75 2d 73 0b 32 06 38 27 |...-.g..u-s.2.8'|
|00000460| be c7 2a e7 aa 95 00 25 d9 9e 66 10 60 1b 70 e7 |..*....%..f.`.p.|
|00000470| 12 5f 1d f5 b9 fa a7 ec a1 73 43 4f 3c 9b 34 19 |._.......sCO<.4.|
|00000480| d1 c6 cf 18 54 85 5d c2 f7 aa fa 18 04 9f dc da |....T.].........|
|00000490| a1 bb 77 94 69 41 02 e3 80 cb 56 75 4c de b1 0e |..w.iA....VuL...|
|000004a0| f8 46 9d 96 7d 28 e5 82 8c 3c 04 24 52 ac 3e 6f |.F..}(...<.$R.>o|
|000004b0| 00 ed 3a b4 be 05 86 42 6f 7e ec 33 c7 c8 c6 70 |..:....Bo~.3...p|
|000004c0| 91 db c0 30 42 a5 05 7a a7 6e 04 e6 08 8a 87 02 |...0B..z.n......|
|000004d0| cb 44 7b 23 b1 1c 88 0c d9 64 4b 94 a9 13 fe 93 |.D{#.....dK.....|
|000004e0| 2d 62 da 8d 80 3d ac d8 f5 ec 29 c4 b1 66 f0 63 |-b...=....)..f.c|
|000004f0| 17 66 0b 8d 65 84 9c c2 e2 37 c0 49 06 a1 a0 7c |.f..e....7.I...||
|00000500| e0 6a 76 de 5b 36 6f 43 26 63 39 60 25 1c 6a 71 |.jv.[6oC&c9`%.jq|
|00000510| e0 27 43 9a e2 c0 7c 10 1c 6b 31 94 ab c1 11 19 |.'C...|..k1.....|
|00000520| a0 df 32 29 7a 7a 89 7d 3f ca dc 5d 2b fe 3d 28 |..2)zz.}?..]+.=(|
|00000530| ee 8e 7a d3 92 9b 3b f7 ec 06 6b 6c ca 3f cd 12 |..z...;...kl.?..|
|00000540| da 16 fa ff 2d cc 81 f2 e7 bd 3a 63 f8 7a bb ad |....-.....:c.z..|
|00000550| da 0a 14 e4 7b 17 dd 72 c7 34 9b e8 04 a1 2b 35 |....{..r.4....+5|
|00000560| f1 b9 96 10 de 29 2a d6 07 eb 55 40 50 46 02 2a |.....)*...U@PF.*|
|00000570| 5f 7f 91 d8 93 9b 2c 5d 0d b7 2d 21 8b 18 5d 76 |_.....,]..-!..]v|
|00000580| bf 52 f6 98 15 b7 93 80 1e 4c 98 10 47 f3 64 04 |.R.......L..G.d.|
|00000590| 84 58 8f dc ce 90 fc 35 3a ca 17 ae 59 54 62 8b |.X.....5:...YTb.|
|000005a0| 05 77 ac 16 15 29 b9 db 09 0e 60 4d dc 7f 0d 6e |.w...)....`M...n|
|000005b0| 36 5d 1b b8 da 80 c8 ab 27 ce 09 4d ac 40 53 7e |6]......'..M.@S~|
|000005c0| f6 56 1c e5 a8 17 03 03 05 8b 00 00 00 00 00 00 |.V..............|
|000005d0| 00 02 d6 2f 51 e7 0b a7 81 e8 69 a2 91 a5 a2 bb |.../Q.....i.....|
|000005e0| f5 b7 36 3a 57 dc 17 6a 3f 96 88 fc c4 57 7e 36 |..6:W..j?....W~6|
|000005f0| 55 23 b6 93 7f 6c a4 be be 81 46 58 13 89 29 41 |U#...l....FX..)A|
|00000600| 95 20 6a de 3f 21 00 c3 a4 ea c8 d8 01 75 e3 c9 |. j.?!.......u..|
|00000610| 54 ec ee 58 98 f6 3c ed 60 11 ef 50 8c a1 f2 9d |T..X..<.`..P....|
|00000620| b5 3b 46 19 c1 18 8d 1b cb a3 51 4a 43 35 ec e2 |.;F.......QJC5..|
|00000630| c0 8b 50 4a a5 29 92 68 8e 6b 2e b1 84 3a bf 86 |..PJ.).h.k...:..|
|00000640| ab c6 76 f7 95 a5 03 fa 47 6b 89 83 e3 0f ec 02 |..v.....Gk......|
|00000650| af 92 bf 87 57 e8 58 ea a9 64 bd e9 52 83 a3 77 |....W.X..d..R..w|
|00000660| 9e e7 a9 26 44 f4 ea 5c 3f 5a d9 d1 3a 74 39 f9 |...&D..\?Z..:t9.|
|00000670| 45 97 e5 63 37 30 b9 e9 1c 7a 00 d0 3a 46 d7 a1 |E..c70...z..:F..|
|00000680| 54 7a 3f 0d 3a 35 0f 12 b7 2a 8b 8e 00 fe 42 db |Tz?.:5...*....B.|
|00000690| 4e 27 f9 96 f8 8c b1 1b 78 3b 17 70 2b e0 28 91 |N'......x;.p+.(.|
|000006a0| d4 7a 32 d1 b3 8b 61 84 36 ee 8b 09 7d e0 79 f5 |.z2...a.6...}.y.|
|000006b0| 32 fc 11 ad 0f 24 0a 7a 08 28 4f 26 91 b7 0f e8 |2....$.z.(O&....|
|000006c0| 88 03 02 d2 d6 a0 44 e7 a0 17 e6 b9 06 40 83 c1 |......D......@..|
|000006d0| 1c f6 6f 50 77 59 d6 c3 40 0f ab e0 b6 94 3e 1c |..oPwY..@.....>.|
|000006e0| f4 28 9a 33 8f 20 94 b3 0f a0 af 0e 13 bf 07 ab |.(.3. ..........|
|000006f0| 29 fb f1 52 e8 65 b9 44 d5 86 c7 0a 3f 21 3c 64 |)..R.e.D....?!<d|
|00000700| 3b ea f0 54 09 2e f7 aa 58 b2 b0 8f 3b 1c 34 ab |;..T....X...;.4.|
|00000710| 5a 99 c1 01 73 3c cf 4d 30 90 bb b0 00 9e a0 be |Z...s<.M0.......|
|00000720| f2 0b 11 93 df 42 3e 58 ba 39 5f 38 55 0a 6b 67 |.....B>X.9_8U.kg|
|00000730| c4 76 3b 45 7f 73 4e 3c a2 34 81 d9 79 77 98 d1 |.v;E.sN<.4..yw..|
|00000740| 26 19 d0 85 a3 52 cb c9 9b 97 68 77 92 cc 7c df |&....R....hw..|.|
|00000750| 4b ec c2 72 28 bb 36 fd 98 63 b0 65 d9 9e 66 8d |K..r(.6..c.e..f.|
|00000760| 9a cf e5 7a 88 79 34 fe ae e0 af db 64 7e ed 7e |...z.y4.....d~.~|
|00000770| 07 8a 41 77 27 81 72 ff 77 b1 fd d8 ed 4b 02 7a |..Aw'.r.w....K.z|
|00000780| 38 03 d2 74 5c a2 27 5c 73 6d b6 b5 10 8f 1c 3a |8..t\.'\sm.....:|
|00000790| 6b 23 bf 41 5b 1a 56 71 67 e8 08 b8 b6 c2 51 1e |k#.A[.Vqg.....Q.|
|000007a0| 68 e4 06 7a f2 d7 73 2a 7d db 7d 56 4a 3d 93 a0 |h..z..s*}.}VJ=..|
|000007b0| 5d 28 89 58 4d ec 0b ce a9 93 a9 e3 89 d2 79 28 |](.XM.........y(|
|000007c0| 3c db d6 62 71 c5 18 bd 1f 19 ba 98 75 d7 53 ff |<..bq.......u.S.|
|000007d0| a8 08 ff 67 4f fa b6 06 e9 9d e4 2a 54 c1 58 fe |...gO......*T.X.|
|000007e0| 36 ed c9 b9 e3 c9 75 47 56 03 18 2e b1 54 cd 41 |6.....uGV....T.A|
|000007f0| 90 77 14 d3 9b 62 71 09 6a 4a b7 91 ae 07 b7 17 |.w...bq.jJ......|
|00000800| 0f 68 5d 0c f4 ac 17 f8 68 ca f1 65 82 f5 ae d4 |.h].....h..e....|
|00000810| 59 35 4c 30 74 6f 16 2e a4 56 c7 da 6c 6a e9 ea |Y5L0to...V..lj..|
|00000820| 6d c2 64 55 20 a4 ef 23 82 28 1b 8f cf 40 6b 93 |m.dU ..#.(...@k.|
|00000830| cd 8b b9 76 e7 e8 7b a5 46 a2 d1 fc ff 02 cf 70 |...v..{.F......p|
|00000840| e4 ef 65 9e 64 54 70 6b 01 62 17 9a 86 fd a8 16 |..e.dTpk.b......|
|00000850| e5 55 53 e5 34 ca 5b d5 7d d9 68 d0 ee 81 6d 96 |.US.4.[.}.h...m.|
|00000860| cf 4d e6 9d 31 76 41 d8 b4 97 95 fb 6b 20 fb d2 |.M..1vA.....k ..|
|00000870| 9e ee 23 fc f7 7d 90 ff 6f 92 0d 87 3c ad 32 6e |..#..}..o...<.2n|
|00000880| 67 26 73 04 1e b9 b6 f5 e3 8d 06 8c 42 55 15 72 |g&s.........BU.r|
|00000890| d7 1d f0 0f 2a fa f0 4b ea 04 18 ba a8 d8 1b 1a |....*..K........|
|000008a0| c9 e6 b0 e4 79 a4 fd 55 bb 4c 97 db d1 6a 51 3c |....y..U.L...jQ<|
|000008b0| e5 f7 ad 09 cf 32 29 71 04 b2 27 85 85 4c 81 cd |.....2)q..'..L..|
|000008c0| 65 0a 4c d8 cd b4 47 68 8a 9c 13 b1 b7 71 55 7e |e.L...Gh.....qU~|
|000008d0| b0 6b df b1 c0 da c5 4c 61 80 dd ae 25 3c 00 b0 |.k.....La...%<..|
|000008e0| 15 32 6c 28 33 34 87 96 7a 92 b1 30 da 95 e1 47 |.2l(34..z..0...G|
|000008f0| 7b bd 74 fe d3 55 79 08 7f 3b 47 a6 ae 96 56 26 |{.t..Uy..;G...V&|
|00000900| e4 09 17 f8 ee ef 90 97 65 9c b8 05 83 f9 e7 23 |........e......#|
|00000910| 62 1b 8c d2 bb fd e4 51 4d 6f a5 cf 89 e9 5e f6 |b......QMo....^.|
|00000920| a2 74 86 a9 39 5b a4 9d 63 4d 33 68 3a b0 b7 3f |.t..9[..cM3h:..?|
|00000930| 04 dd 4b 3e e7 af 8e 63 b5 65 b2 24 e8 98 6c 59 |..K>...c.e.$..lY|
|00000940| 74 d3 d5 34 13 21 21 4a e6 e5 73 35 47 24 4b c2 |t..4.!!J..s5G$K.|
|00000950| f1 a0 ec 83 01 e1 da 7c a7 a4 67 b0 1a a6 d4 b4 |.......|..g.....|
|00000960| 09 f7 dc 45 48 16 61 0e 38 c2 14 14 08 59 df 20 |...EH.a.8....Y. |
|00000970| e5 94 84 98 b0 93 96 65 14 f3 91 d1 a2 07 95 8c |.......e........|
|00000980| ba 7c 42 14 3e a1 6d fe 10 81 db 48 29 ec c4 8b |.|B.>.m....H)...|
|00000990| 71 9d 2a a9 a1 48 17 42 d9 0b 3a ff cf 58 84 45 |q.*..H.B..:..X.E|
|000009a0| 2b 55 0c d8 55 90 ff 3e 9d 36 9e 60 15 d6 eb cc |+U..U..>.6.`....|
|000009b0| e4 1c 03 db e5 a8 16 b3 11 5b 22 64 11 ed dc 3a |.........["d...:|
|000009c0| 1a 99 db dd ec ba ad 03 76 07 27 ad 3c c3 b2 6a |........v.'.<..j|
|000009d0| 89 24 4c b5 f7 84 3b fb 61 ea 96 54 df d5 54 6a |.$L...;.a..T..Tj|
|000009e0| da 34 b1 d5 f7 8f 64 72 21 87 f8 19 21 fa 3b 93 |.4....dr!...!.;.|
|000009f0| a6 33 d1 86 9a b7 ec 17 3d a3 fb c8 cc 9e 8d 35 |.3......=......5|
|00000a00| 5e cf 86 62 57 3a c9 ec 8b f0 d0 eb 3d 5e c6 0f |^..bW:......=^..|
|00000a10| 99 aa ad cd 98 61 17 fb 4b 72 3b 1f 74 28 da 19 |.....a..Kr;.t(..|
|00000a20| 1f 61 65 85 bb b7 40 85 50 22 30 70 ba b1 40 88 |.ae...@.P"0p..@.|
|00000a30| 19 5d bb c3 3f 84 f8 22 d0 95 67 c0 be 36 5b 07 |.]..?.."..g..6[.|
|00000a40| 2a 97 75 2d 87 73 36 76 d4 9f 39 b0 07 e7 66 40 |*.u-.s6v..9...f@|
|00000a50| 83 e6 90 7e 33 c2 c6 6e 55 41 4c 5b 6d de 32 bb |...~3..nUAL[m.2.|
|00000a60| 9e ba 32 12 76 92 8c 89 f7 06 dd 83 0b 09 72 60 |..2.v.........r`|
|00000a70| 95 34 f2 2f 2c fc 05 be ee 02 38 07 af 60 02 51 |.4./,.....8..`.Q|
|00000a80| bb dc 45 23 75 97 c8 18 43 2a 9c b9 f5 8c 1f a6 |..E#u...C*......|
|00000a90| 1c 20 d6 fc 2f 1c af ba b8 2a d8 6f ff b3 ce 53 |. ../....*.o...S|
|00000aa0| 05 5e 45 35 96 34 09 77 fb 8f 43 89 91 b9 71 6b |.^E5.4.w..C...qk|
|00000ab0| 97 4c d3 20 56 c6 b4 fd 1a 37 62 69 8f 3f 20 5b |.L. V....7bi.? [|
|00000ac0| 55 30 d6 ee 4d ab ef 30 95 ea 87 54 c1 11 9c 23 |U0..M..0...T...#|
|00000ad0| e5 d1 44 94 b5 b5 0e 1d 4a 45 b1 a5 3d 57 36 f3 |..D.....JE..=W6.|
|00000ae0| ae 24 1e 1b 51 d2 7f f5 9e 15 f1 11 f3 2a 8b 60 |.$..Q........*.`|
|00000af0| fe 50 e2 f9 e2 ce 84 32 23 b5 ae b1 83 1e e5 86 |.P.....2#.......|
|00000b00| fc 59 41 a0 78 62 90 c7 45 5a e0 bb a1 fe fa 78 |.YA.xb..EZ.....x|
|00000b10| b3 82 1e 6d 71 36 49 e6 95 85 32 2f b0 a4 65 3c |...mq6I...2/..e<|
|00000b20| 6d 75 70 3f 7a 15 84 7c 15 42 b1 cb 5d 06 35 c2 |mup?z..|.B..].5.|
|00000b30| 17 5d 9a 86 ee db e0 ae e9 ae 39 69 36 05 13 02 |.]........9i6...|
|00000b40| e2 ab ac 49 dc 28 29 32 35 86 64 ab c6 1d 04 90 |...I.()25.d.....|
|00000b50| 89 d0 a0 4c 25                                  |...L%           |
+--------+-------------------------------------------------+----------------+ 
[m[37m[2019-05-27 00:45:03,948] [nioEventLoopGroup-3-1] [INFO ] [LoggingHandler]- [id: 0xddee0979, L:/127.0.0.1:1080 - R:/127.0.0.1:56204] FLUSH 
[m[37m[2019-05-27 00:45:03,949] [nioEventLoopGroup-3-1] [INFO ] [LoggingHandler]- [id: 0xddee0979, L:/127.0.0.1:1080 - R:/127.0.0.1:56204] READ: 31B
         +-------------------------------------------------+
         |  0  1  2  3  4  5  6  7  8  9  a  b  c  d  e  f |
+--------+-------------------------------------------------+----------------+
|00000000| 15 03 03 00 1a 00 00 00 00 00 00 00 02 99 7f 1e |................|
|00000010| 49 39 bf 03 3a 29 f7 a9 47 d8 de 33 1a 1c 61    |I9..:)..G..3..a |
+--------+-------------------------------------------------+----------------+ 
[m[37m[2019-05-27 00:45:03,949] [nioEventLoopGroup-3-1] [INFO ] [LoggingHandler]- [id: 0xddee0979, L:/127.0.0.1:1080 - R:/127.0.0.1:56204] READ COMPLETE 
[m[37m[2019-05-27 00:45:03,950] [nioEventLoopGroup-3-1] [INFO ] [LoggingHandler]- [id: 0xddee0979, L:/127.0.0.1:1080 - R:/127.0.0.1:56204] READ COMPLETE 
[m[37m[2019-05-27 00:45:03,958] [nioEventLoopGroup-3-1] [INFO ] [SocksChannelTrafficShapingLog]- userName:[匿名],startTime:2019-05-27 00:45:03,endTime:2019-05-27 00:45:03,localAddr:127.0.0.1/1080,remoteAddr:127.0.0.1/56204,readByte:794,writeByte:7046,using:0ms 
[m[37m[2019-05-27 00:45:03,961] [nioEventLoopGroup-3-1] [INFO ] [LoggingHandler]- [id: 0xddee0979, L:/127.0.0.1:1080 ! R:/127.0.0.1:56204] INACTIVE 
[m[37m[2019-05-27 00:45:03,962] [nioEventLoopGroup-3-1] [INFO ] [LoggingHandler]- [id: 0xddee0979, L:/127.0.0.1:1080 ! R:/127.0.0.1:56204] UNREGISTERED 
[m